[2025-02-18T19:05:09.934+0000] {local_task_job_runner.py:123} INFO - ::group::Pre task execution logs
[2025-02-18T19:05:09.971+0000] {taskinstance.py:2614} INFO - Dependencies all met for dep_context=non-requeueable deps ti=<TaskInstance: example_bash_operator.runme_0 manual__2025-02-18T19:04:55+00:00 [queued]>
[2025-02-18T19:05:09.997+0000] {taskinstance.py:2614} INFO - Dependencies all met for dep_context=requeueable deps ti=<TaskInstance: example_bash_operator.runme_0 manual__2025-02-18T19:04:55+00:00 [queued]>
[2025-02-18T19:05:10.001+0000] {taskinstance.py:2867} INFO - Starting attempt 1 of 1
[2025-02-18T19:05:10.875+0000] {taskinstance.py:2890} INFO - Executing <Task(BashOperator): runme_0> on 2025-02-18 19:04:55+00:00
[2025-02-18T19:05:10.917+0000] {warnings.py:112} WARNING - /home/***/.local/lib/python3.12/site-packages/***/task/task_runner/standard_task_runner.py:70: DeprecationWarning: This process (pid=300) is multi-threaded, use of fork() may lead to deadlocks in the child.
  pid = os.fork()

[2025-02-18T19:05:10.923+0000] {standard_task_runner.py:72} INFO - Started process 323 to run task
[2025-02-18T19:05:10.920+0000] {standard_task_runner.py:104} INFO - Running: ['***', 'tasks', 'run', 'example_bash_operator', 'runme_0', 'manual__2025-02-18T19:04:55+00:00', '--job-id', '10', '--raw', '--subdir', '/home/***/.local/lib/python3.12/site-packages/***/example_dags/example_bash_operator.py', '--cfg-path', '/tmp/tmp7c5bztg9']
[2025-02-18T19:05:10.934+0000] {standard_task_runner.py:105} INFO - Job 10: Subtask runme_0
[2025-02-18T19:05:11.296+0000] {task_command.py:467} INFO - Running <TaskInstance: example_bash_operator.runme_0 manual__2025-02-18T19:04:55+00:00 [running]> on host cd6c965fea54
[2025-02-18T19:05:11.586+0000] {taskinstance.py:3134} INFO - Exporting env vars: AIRFLOW_CTX_DAG_OWNER='***' AIRFLOW_CTX_DAG_ID='example_bash_operator' AIRFLOW_CTX_TASK_ID='runme_0' AIRFLOW_CTX_EXECUTION_DATE='2025-02-18T19:04:55+00:00' AIRFLOW_CTX_TRY_NUMBER='1' AIRFLOW_CTX_DAG_RUN_ID='manual__2025-02-18T19:04:55+00:00'
[2025-02-18T19:05:11.594+0000] {logging_mixin.py:190} INFO - Task instance is in running state
[2025-02-18T19:05:11.595+0000] {logging_mixin.py:190} INFO -  Previous state of the Task instance: queued
[2025-02-18T19:05:11.596+0000] {logging_mixin.py:190} INFO - Current task name:runme_0 state:running start_date:2025-02-18 19:05:09.974792+00:00
[2025-02-18T19:05:11.604+0000] {logging_mixin.py:190} INFO - Dag name:example_bash_operator and current dag run status:running
[2025-02-18T19:05:11.604+0000] {taskinstance.py:732} INFO - ::endgroup::
[2025-02-18T19:05:11.609+0000] {subprocess.py:78} INFO - Tmp dir root location: /tmp
[2025-02-18T19:05:11.612+0000] {subprocess.py:88} INFO - Running command: ['/usr/bin/bash', '-c', 'echo "example_bash_operator__runme_0__20250218" && sleep 1']
[2025-02-18T19:05:11.632+0000] {subprocess.py:99} INFO - Output:
[2025-02-18T19:05:11.637+0000] {subprocess.py:106} INFO - example_bash_operator__runme_0__20250218
[2025-02-18T19:05:12.640+0000] {subprocess.py:110} INFO - Command exited with return code 0
[2025-02-18T19:05:12.708+0000] {taskinstance.py:341} INFO - ::group::Post task execution logs
[2025-02-18T19:05:12.709+0000] {taskinstance.py:353} INFO - Marking task as SUCCESS. dag_id=example_bash_operator, task_id=runme_0, run_id=manual__2025-02-18T19:04:55+00:00, execution_date=20250218T190455, start_date=20250218T190509, end_date=20250218T190512
[2025-02-18T19:05:12.732+0000] {logging_mixin.py:190} INFO - Task instance in success state
[2025-02-18T19:05:12.732+0000] {logging_mixin.py:190} INFO -  Previous state of the Task instance: running
[2025-02-18T19:05:12.733+0000] {logging_mixin.py:190} INFO - Dag name:example_bash_operator queued_at:2025-02-18 19:05:02.270377+00:00
[2025-02-18T19:05:12.733+0000] {logging_mixin.py:190} INFO - Task hostname:cd6c965fea54 operator:BashOperator
[2025-02-18T19:05:12.783+0000] {local_task_job_runner.py:266} INFO - Task exited with return code 0
[2025-02-18T19:05:12.842+0000] {taskinstance.py:3901} INFO - 1 downstream tasks scheduled from follow-on schedule check
[2025-02-18T19:05:12.844+0000] {local_task_job_runner.py:245} INFO - ::endgroup::
