[2025-02-19T18:00:46.603+0000] {processor.py:186} INFO - Started process (PID=190) to work on /opt/airflow/dags/first_dag_example.py
[2025-02-19T18:00:46.604+0000] {processor.py:914} INFO - Processing file /opt/airflow/dags/first_dag_example.py for tasks to queue
[2025-02-19T18:00:46.609+0000] {logging_mixin.py:190} INFO - [2025-02-19T18:00:46.609+0000] {dagbag.py:588} INFO - Filling up the DagBag from /opt/airflow/dags/first_dag_example.py
[2025-02-19T18:00:46.639+0000] {processor.py:925} INFO - DAG(s) 'First_tag_example' retrieved from /opt/airflow/dags/first_dag_example.py
[2025-02-19T18:00:46.688+0000] {logging_mixin.py:190} INFO - [2025-02-19T18:00:46.687+0000] {dag.py:3239} INFO - Sync 1 DAGs
[2025-02-19T18:00:46.705+0000] {logging_mixin.py:190} INFO - [2025-02-19T18:00:46.705+0000] {dag.py:4180} INFO - Setting next_dagrun for First_tag_example to 2025-01-01 00:00:00+00:00, run_after=2025-01-02 00:00:00+00:00
[2025-02-19T18:00:46.720+0000] {processor.py:208} INFO - Processing /opt/airflow/dags/first_dag_example.py took 0.141 seconds
[2025-02-19T18:02:11.308+0000] {processor.py:186} INFO - Started process (PID=51) to work on /opt/airflow/dags/first_dag_example.py
[2025-02-19T18:02:11.312+0000] {processor.py:914} INFO - Processing file /opt/airflow/dags/first_dag_example.py for tasks to queue
[2025-02-19T18:02:11.318+0000] {logging_mixin.py:190} INFO - [2025-02-19T18:02:11.317+0000] {dagbag.py:588} INFO - Filling up the DagBag from /opt/airflow/dags/first_dag_example.py
[2025-02-19T18:02:11.364+0000] {processor.py:925} INFO - DAG(s) 'First_tag_example' retrieved from /opt/airflow/dags/first_dag_example.py
[2025-02-19T18:02:11.660+0000] {logging_mixin.py:190} INFO - [2025-02-19T18:02:11.660+0000] {override.py:1912} INFO - Created Permission View: can delete on DAG:First_tag_example
[2025-02-19T18:02:11.674+0000] {logging_mixin.py:190} INFO - [2025-02-19T18:02:11.673+0000] {override.py:1912} INFO - Created Permission View: can edit on DAG:First_tag_example
[2025-02-19T18:02:11.687+0000] {logging_mixin.py:190} INFO - [2025-02-19T18:02:11.687+0000] {override.py:1912} INFO - Created Permission View: can read on DAG:First_tag_example
[2025-02-19T18:02:11.705+0000] {logging_mixin.py:190} INFO - [2025-02-19T18:02:11.704+0000] {override.py:1912} INFO - Created Permission View: can delete on DAG Run:First_tag_example
[2025-02-19T18:02:11.719+0000] {logging_mixin.py:190} INFO - [2025-02-19T18:02:11.718+0000] {override.py:1912} INFO - Created Permission View: menu access on DAG Run:First_tag_example
[2025-02-19T18:02:11.731+0000] {logging_mixin.py:190} INFO - [2025-02-19T18:02:11.730+0000] {override.py:1912} INFO - Created Permission View: can read on DAG Run:First_tag_example
[2025-02-19T18:02:11.747+0000] {logging_mixin.py:190} INFO - [2025-02-19T18:02:11.747+0000] {override.py:1912} INFO - Created Permission View: can create on DAG Run:First_tag_example
[2025-02-19T18:02:11.749+0000] {logging_mixin.py:190} INFO - [2025-02-19T18:02:11.748+0000] {dag.py:3239} INFO - Sync 1 DAGs
[2025-02-19T18:02:11.773+0000] {logging_mixin.py:190} INFO - [2025-02-19T18:02:11.772+0000] {dag.py:3262} INFO - Creating ORM DAG for First_tag_example
[2025-02-19T18:02:11.790+0000] {logging_mixin.py:190} INFO - [2025-02-19T18:02:11.790+0000] {dag.py:4180} INFO - Setting next_dagrun for First_tag_example to 2025-01-01 00:00:00+00:00, run_after=2025-01-02 00:00:00+00:00
[2025-02-19T18:02:11.804+0000] {processor.py:208} INFO - Processing /opt/airflow/dags/first_dag_example.py took 0.508 seconds
[2025-02-19T18:02:44.669+0000] {processor.py:186} INFO - Started process (PID=66) to work on /opt/airflow/dags/first_dag_example.py
[2025-02-19T18:02:44.670+0000] {processor.py:914} INFO - Processing file /opt/airflow/dags/first_dag_example.py for tasks to queue
[2025-02-19T18:02:44.679+0000] {logging_mixin.py:190} INFO - [2025-02-19T18:02:44.679+0000] {dagbag.py:588} INFO - Filling up the DagBag from /opt/airflow/dags/first_dag_example.py
[2025-02-19T18:02:44.697+0000] {processor.py:925} INFO - DAG(s) 'First_tag_example' retrieved from /opt/airflow/dags/first_dag_example.py
[2025-02-19T18:02:44.735+0000] {logging_mixin.py:190} INFO - [2025-02-19T18:02:44.735+0000] {dag.py:3239} INFO - Sync 1 DAGs
[2025-02-19T18:02:44.753+0000] {logging_mixin.py:190} INFO - [2025-02-19T18:02:44.752+0000] {dag.py:4180} INFO - Setting next_dagrun for First_tag_example to 2025-01-01 00:00:00+00:00, run_after=2025-01-02 00:00:00+00:00
[2025-02-19T18:02:44.768+0000] {processor.py:208} INFO - Processing /opt/airflow/dags/first_dag_example.py took 0.106 seconds
[2025-02-19T18:03:14.963+0000] {processor.py:186} INFO - Started process (PID=75) to work on /opt/airflow/dags/first_dag_example.py
[2025-02-19T18:03:14.968+0000] {processor.py:914} INFO - Processing file /opt/airflow/dags/first_dag_example.py for tasks to queue
[2025-02-19T18:03:14.977+0000] {logging_mixin.py:190} INFO - [2025-02-19T18:03:14.975+0000] {dagbag.py:588} INFO - Filling up the DagBag from /opt/airflow/dags/first_dag_example.py
[2025-02-19T18:03:15.011+0000] {processor.py:925} INFO - DAG(s) 'First_tag_example' retrieved from /opt/airflow/dags/first_dag_example.py
[2025-02-19T18:03:15.065+0000] {logging_mixin.py:190} INFO - [2025-02-19T18:03:15.065+0000] {dag.py:3239} INFO - Sync 1 DAGs
[2025-02-19T18:03:15.170+0000] {logging_mixin.py:190} INFO - [2025-02-19T18:03:15.169+0000] {dag.py:4180} INFO - Setting next_dagrun for First_tag_example to 2025-01-01 00:00:00+00:00, run_after=2025-01-02 00:00:00+00:00
[2025-02-19T18:03:15.231+0000] {processor.py:208} INFO - Processing /opt/airflow/dags/first_dag_example.py took 0.283 seconds
[2025-02-19T18:03:45.566+0000] {processor.py:186} INFO - Started process (PID=85) to work on /opt/airflow/dags/first_dag_example.py
[2025-02-19T18:03:45.568+0000] {processor.py:914} INFO - Processing file /opt/airflow/dags/first_dag_example.py for tasks to queue
[2025-02-19T18:03:45.572+0000] {logging_mixin.py:190} INFO - [2025-02-19T18:03:45.571+0000] {dagbag.py:588} INFO - Filling up the DagBag from /opt/airflow/dags/first_dag_example.py
[2025-02-19T18:03:45.602+0000] {processor.py:925} INFO - DAG(s) 'First_tag_example' retrieved from /opt/airflow/dags/first_dag_example.py
[2025-02-19T18:03:45.629+0000] {logging_mixin.py:190} INFO - [2025-02-19T18:03:45.629+0000] {dag.py:3239} INFO - Sync 1 DAGs
[2025-02-19T18:03:45.649+0000] {logging_mixin.py:190} INFO - [2025-02-19T18:03:45.649+0000] {dag.py:4180} INFO - Setting next_dagrun for First_tag_example to 2025-01-01 00:00:00+00:00, run_after=2025-01-02 00:00:00+00:00
[2025-02-19T18:03:45.669+0000] {processor.py:208} INFO - Processing /opt/airflow/dags/first_dag_example.py took 0.110 seconds
[2025-02-19T18:04:16.017+0000] {processor.py:186} INFO - Started process (PID=94) to work on /opt/airflow/dags/first_dag_example.py
[2025-02-19T18:04:16.019+0000] {processor.py:914} INFO - Processing file /opt/airflow/dags/first_dag_example.py for tasks to queue
[2025-02-19T18:04:16.020+0000] {logging_mixin.py:190} INFO - [2025-02-19T18:04:16.020+0000] {dagbag.py:588} INFO - Filling up the DagBag from /opt/airflow/dags/first_dag_example.py
[2025-02-19T18:04:16.036+0000] {processor.py:925} INFO - DAG(s) 'First_tag_example' retrieved from /opt/airflow/dags/first_dag_example.py
[2025-02-19T18:04:16.060+0000] {logging_mixin.py:190} INFO - [2025-02-19T18:04:16.059+0000] {dag.py:3239} INFO - Sync 1 DAGs
[2025-02-19T18:04:16.083+0000] {logging_mixin.py:190} INFO - [2025-02-19T18:04:16.083+0000] {dag.py:4180} INFO - Setting next_dagrun for First_tag_example to 2025-01-01 00:00:00+00:00, run_after=2025-01-02 00:00:00+00:00
[2025-02-19T18:04:16.096+0000] {processor.py:208} INFO - Processing /opt/airflow/dags/first_dag_example.py took 0.083 seconds
[2025-02-19T18:04:46.652+0000] {processor.py:186} INFO - Started process (PID=106) to work on /opt/airflow/dags/first_dag_example.py
[2025-02-19T18:04:46.669+0000] {processor.py:914} INFO - Processing file /opt/airflow/dags/first_dag_example.py for tasks to queue
[2025-02-19T18:04:46.690+0000] {logging_mixin.py:190} INFO - [2025-02-19T18:04:46.684+0000] {dagbag.py:588} INFO - Filling up the DagBag from /opt/airflow/dags/first_dag_example.py
[2025-02-19T18:04:46.791+0000] {processor.py:925} INFO - DAG(s) 'First_tag_example' retrieved from /opt/airflow/dags/first_dag_example.py
[2025-02-19T18:04:46.913+0000] {logging_mixin.py:190} INFO - [2025-02-19T18:04:46.912+0000] {dag.py:3239} INFO - Sync 1 DAGs
[2025-02-19T18:04:47.015+0000] {logging_mixin.py:190} INFO - [2025-02-19T18:04:47.015+0000] {dag.py:4180} INFO - Setting next_dagrun for First_tag_example to 2025-01-15 00:00:00+00:00, run_after=2025-01-16 00:00:00+00:00
[2025-02-19T18:04:47.100+0000] {processor.py:208} INFO - Processing /opt/airflow/dags/first_dag_example.py took 0.539 seconds
[2025-02-19T18:05:17.923+0000] {processor.py:186} INFO - Started process (PID=114) to work on /opt/airflow/dags/first_dag_example.py
[2025-02-19T18:05:17.925+0000] {processor.py:914} INFO - Processing file /opt/airflow/dags/first_dag_example.py for tasks to queue
[2025-02-19T18:05:17.927+0000] {logging_mixin.py:190} INFO - [2025-02-19T18:05:17.927+0000] {dagbag.py:588} INFO - Filling up the DagBag from /opt/airflow/dags/first_dag_example.py
[2025-02-19T18:05:17.960+0000] {processor.py:925} INFO - DAG(s) 'First_tag_example' retrieved from /opt/airflow/dags/first_dag_example.py
[2025-02-19T18:05:17.991+0000] {logging_mixin.py:190} INFO - [2025-02-19T18:05:17.991+0000] {dag.py:3239} INFO - Sync 1 DAGs
[2025-02-19T18:05:18.028+0000] {logging_mixin.py:190} INFO - [2025-02-19T18:05:18.028+0000] {dag.py:4180} INFO - Setting next_dagrun for First_tag_example to 2025-02-19 00:00:00+00:00, run_after=2025-02-20 00:00:00+00:00
[2025-02-19T18:05:18.044+0000] {processor.py:208} INFO - Processing /opt/airflow/dags/first_dag_example.py took 0.130 seconds
[2025-02-19T18:05:48.475+0000] {processor.py:186} INFO - Started process (PID=123) to work on /opt/airflow/dags/first_dag_example.py
[2025-02-19T18:05:48.477+0000] {processor.py:914} INFO - Processing file /opt/airflow/dags/first_dag_example.py for tasks to queue
[2025-02-19T18:05:48.478+0000] {logging_mixin.py:190} INFO - [2025-02-19T18:05:48.478+0000] {dagbag.py:588} INFO - Filling up the DagBag from /opt/airflow/dags/first_dag_example.py
[2025-02-19T18:05:48.501+0000] {processor.py:925} INFO - DAG(s) 'First_tag_example' retrieved from /opt/airflow/dags/first_dag_example.py
[2025-02-19T18:05:48.533+0000] {logging_mixin.py:190} INFO - [2025-02-19T18:05:48.533+0000] {dag.py:3239} INFO - Sync 1 DAGs
[2025-02-19T18:05:48.565+0000] {logging_mixin.py:190} INFO - [2025-02-19T18:05:48.565+0000] {dag.py:4180} INFO - Setting next_dagrun for First_tag_example to 2025-02-19 00:00:00+00:00, run_after=2025-02-20 00:00:00+00:00
[2025-02-19T18:05:48.581+0000] {processor.py:208} INFO - Processing /opt/airflow/dags/first_dag_example.py took 0.130 seconds
[2025-02-19T18:06:19.434+0000] {processor.py:186} INFO - Started process (PID=132) to work on /opt/airflow/dags/first_dag_example.py
[2025-02-19T18:06:19.438+0000] {processor.py:914} INFO - Processing file /opt/airflow/dags/first_dag_example.py for tasks to queue
[2025-02-19T18:06:19.444+0000] {logging_mixin.py:190} INFO - [2025-02-19T18:06:19.439+0000] {dagbag.py:588} INFO - Filling up the DagBag from /opt/airflow/dags/first_dag_example.py
[2025-02-19T18:06:19.475+0000] {processor.py:925} INFO - DAG(s) 'First_tag_example' retrieved from /opt/airflow/dags/first_dag_example.py
[2025-02-19T18:06:19.550+0000] {logging_mixin.py:190} INFO - [2025-02-19T18:06:19.549+0000] {dag.py:3239} INFO - Sync 1 DAGs
[2025-02-19T18:06:19.593+0000] {logging_mixin.py:190} INFO - [2025-02-19T18:06:19.593+0000] {dag.py:4180} INFO - Setting next_dagrun for First_tag_example to 2025-02-19 00:00:00+00:00, run_after=2025-02-20 00:00:00+00:00
[2025-02-19T18:06:19.607+0000] {processor.py:208} INFO - Processing /opt/airflow/dags/first_dag_example.py took 0.185 seconds
[2025-02-19T18:06:49.855+0000] {processor.py:186} INFO - Started process (PID=141) to work on /opt/airflow/dags/first_dag_example.py
[2025-02-19T18:06:49.856+0000] {processor.py:914} INFO - Processing file /opt/airflow/dags/first_dag_example.py for tasks to queue
[2025-02-19T18:06:49.857+0000] {logging_mixin.py:190} INFO - [2025-02-19T18:06:49.857+0000] {dagbag.py:588} INFO - Filling up the DagBag from /opt/airflow/dags/first_dag_example.py
[2025-02-19T18:06:49.869+0000] {processor.py:925} INFO - DAG(s) 'First_tag_example' retrieved from /opt/airflow/dags/first_dag_example.py
[2025-02-19T18:06:49.895+0000] {logging_mixin.py:190} INFO - [2025-02-19T18:06:49.895+0000] {dag.py:3239} INFO - Sync 1 DAGs
[2025-02-19T18:06:49.930+0000] {logging_mixin.py:190} INFO - [2025-02-19T18:06:49.930+0000] {dag.py:4180} INFO - Setting next_dagrun for First_tag_example to 2025-02-19 00:00:00+00:00, run_after=2025-02-20 00:00:00+00:00
[2025-02-19T18:06:49.944+0000] {processor.py:208} INFO - Processing /opt/airflow/dags/first_dag_example.py took 0.110 seconds
[2025-02-19T18:07:20.450+0000] {processor.py:186} INFO - Started process (PID=150) to work on /opt/airflow/dags/first_dag_example.py
[2025-02-19T18:07:20.452+0000] {processor.py:914} INFO - Processing file /opt/airflow/dags/first_dag_example.py for tasks to queue
[2025-02-19T18:07:20.456+0000] {logging_mixin.py:190} INFO - [2025-02-19T18:07:20.455+0000] {dagbag.py:588} INFO - Filling up the DagBag from /opt/airflow/dags/first_dag_example.py
[2025-02-19T18:07:20.489+0000] {processor.py:925} INFO - DAG(s) 'First_tag_example' retrieved from /opt/airflow/dags/first_dag_example.py
[2025-02-19T18:07:20.553+0000] {logging_mixin.py:190} INFO - [2025-02-19T18:07:20.552+0000] {dag.py:3239} INFO - Sync 1 DAGs
[2025-02-19T18:07:20.592+0000] {logging_mixin.py:190} INFO - [2025-02-19T18:07:20.592+0000] {dag.py:4180} INFO - Setting next_dagrun for First_tag_example to 2025-02-19 00:00:00+00:00, run_after=2025-02-20 00:00:00+00:00
[2025-02-19T18:07:20.605+0000] {processor.py:208} INFO - Processing /opt/airflow/dags/first_dag_example.py took 0.190 seconds
