[2025-02-19T18:04:56.653+0000] {local_task_job_runner.py:123} INFO - ::group::Pre task execution logs
[2025-02-19T18:04:56.678+0000] {taskinstance.py:2614} INFO - Dependencies all met for dep_context=non-requeueable deps ti=<TaskInstance: First_tag_example.first_task scheduled__2025-01-28T00:00:00+00:00 [queued]>
[2025-02-19T18:04:56.694+0000] {taskinstance.py:2614} INFO - Dependencies all met for dep_context=requeueable deps ti=<TaskInstance: First_tag_example.first_task scheduled__2025-01-28T00:00:00+00:00 [queued]>
[2025-02-19T18:04:56.702+0000] {taskinstance.py:2867} INFO - Starting attempt 1 of 6
[2025-02-19T18:04:56.727+0000] {taskinstance.py:2890} INFO - Executing <Task(BashOperator): first_task> on 2025-01-28 00:00:00+00:00
[2025-02-19T18:04:56.740+0000] {warnings.py:112} WARNING - /home/***/.local/lib/python3.12/site-packages/***/task/task_runner/standard_task_runner.py:70: DeprecationWarning: This process (pid=205) is multi-threaded, use of fork() may lead to deadlocks in the child.
  pid = os.fork()

[2025-02-19T18:04:56.748+0000] {standard_task_runner.py:72} INFO - Started process 212 to run task
[2025-02-19T18:04:56.748+0000] {standard_task_runner.py:104} INFO - Running: ['***', 'tasks', 'run', 'First_tag_example', 'first_task', 'scheduled__2025-01-28T00:00:00+00:00', '--job-id', '30', '--raw', '--subdir', 'DAGS_FOLDER/first_dag_example.py', '--cfg-path', '/tmp/tmphds57ak7']
[2025-02-19T18:04:56.752+0000] {standard_task_runner.py:105} INFO - Job 30: Subtask first_task
[2025-02-19T18:04:56.888+0000] {task_command.py:467} INFO - Running <TaskInstance: First_tag_example.first_task scheduled__2025-01-28T00:00:00+00:00 [running]> on host 4c8bb8eb4736
[2025-02-19T18:04:57.053+0000] {taskinstance.py:3134} INFO - Exporting env vars: AIRFLOW_CTX_DAG_OWNER='goncalo' AIRFLOW_CTX_DAG_ID='First_tag_example' AIRFLOW_CTX_TASK_ID='first_task' AIRFLOW_CTX_EXECUTION_DATE='2025-01-28T00:00:00+00:00' AIRFLOW_CTX_TRY_NUMBER='1' AIRFLOW_CTX_DAG_RUN_ID='scheduled__2025-01-28T00:00:00+00:00'
[2025-02-19T18:04:57.055+0000] {taskinstance.py:732} INFO - ::endgroup::
[2025-02-19T18:04:57.072+0000] {subprocess.py:78} INFO - Tmp dir root location: /tmp
[2025-02-19T18:04:57.078+0000] {subprocess.py:88} INFO - Running command: ['/usr/bin/bash', '-c', 'echo "Hello world!"']
[2025-02-19T18:04:57.100+0000] {subprocess.py:99} INFO - Output:
[2025-02-19T18:04:57.117+0000] {subprocess.py:106} INFO - Hello world!
[2025-02-19T18:04:57.121+0000] {subprocess.py:110} INFO - Command exited with return code 0
[2025-02-19T18:04:57.157+0000] {taskinstance.py:341} INFO - ::group::Post task execution logs
[2025-02-19T18:04:57.158+0000] {taskinstance.py:353} INFO - Marking task as SUCCESS. dag_id=First_tag_example, task_id=first_task, run_id=scheduled__2025-01-28T00:00:00+00:00, execution_date=20250128T000000, start_date=20250219T180456, end_date=20250219T180457
[2025-02-19T18:04:57.269+0000] {local_task_job_runner.py:266} INFO - Task exited with return code 0
[2025-02-19T18:04:57.287+0000] {local_task_job_runner.py:245} INFO - ::endgroup::
