[2025-02-19T18:04:57.288+0000] {local_task_job_runner.py:123} INFO - ::group::Pre task execution logs
[2025-02-19T18:04:57.308+0000] {taskinstance.py:2614} INFO - Dependencies all met for dep_context=non-requeueable deps ti=<TaskInstance: First_tag_example.first_task scheduled__2025-02-02T00:00:00+00:00 [queued]>
[2025-02-19T18:04:57.318+0000] {taskinstance.py:2614} INFO - Dependencies all met for dep_context=requeueable deps ti=<TaskInstance: First_tag_example.first_task scheduled__2025-02-02T00:00:00+00:00 [queued]>
[2025-02-19T18:04:57.319+0000] {taskinstance.py:2867} INFO - Starting attempt 1 of 6
[2025-02-19T18:04:57.349+0000] {taskinstance.py:2890} INFO - Executing <Task(BashOperator): first_task> on 2025-02-02 00:00:00+00:00
[2025-02-19T18:04:57.354+0000] {warnings.py:112} WARNING - /home/***/.local/lib/python3.12/site-packages/***/task/task_runner/standard_task_runner.py:70: DeprecationWarning: This process (pid=210) is multi-threaded, use of fork() may lead to deadlocks in the child.
  pid = os.fork()

[2025-02-19T18:04:57.358+0000] {standard_task_runner.py:72} INFO - Started process 230 to run task
[2025-02-19T18:04:57.359+0000] {standard_task_runner.py:104} INFO - Running: ['***', 'tasks', 'run', 'First_tag_example', 'first_task', 'scheduled__2025-02-02T00:00:00+00:00', '--job-id', '36', '--raw', '--subdir', 'DAGS_FOLDER/first_dag_example.py', '--cfg-path', '/tmp/tmp9k0m6uh8']
[2025-02-19T18:04:57.363+0000] {standard_task_runner.py:105} INFO - Job 36: Subtask first_task
[2025-02-19T18:04:57.435+0000] {task_command.py:467} INFO - Running <TaskInstance: First_tag_example.first_task scheduled__2025-02-02T00:00:00+00:00 [running]> on host 4c8bb8eb4736
[2025-02-19T18:04:57.508+0000] {taskinstance.py:3134} INFO - Exporting env vars: AIRFLOW_CTX_DAG_OWNER='goncalo' AIRFLOW_CTX_DAG_ID='First_tag_example' AIRFLOW_CTX_TASK_ID='first_task' AIRFLOW_CTX_EXECUTION_DATE='2025-02-02T00:00:00+00:00' AIRFLOW_CTX_TRY_NUMBER='1' AIRFLOW_CTX_DAG_RUN_ID='scheduled__2025-02-02T00:00:00+00:00'
[2025-02-19T18:04:57.510+0000] {taskinstance.py:732} INFO - ::endgroup::
[2025-02-19T18:04:57.519+0000] {subprocess.py:78} INFO - Tmp dir root location: /tmp
[2025-02-19T18:04:57.520+0000] {subprocess.py:88} INFO - Running command: ['/usr/bin/bash', '-c', 'echo "Hello world!"']
[2025-02-19T18:04:57.529+0000] {subprocess.py:99} INFO - Output:
[2025-02-19T18:04:57.530+0000] {subprocess.py:106} INFO - Hello world!
[2025-02-19T18:04:57.532+0000] {subprocess.py:110} INFO - Command exited with return code 0
[2025-02-19T18:04:57.591+0000] {taskinstance.py:341} INFO - ::group::Post task execution logs
[2025-02-19T18:04:57.591+0000] {taskinstance.py:353} INFO - Marking task as SUCCESS. dag_id=First_tag_example, task_id=first_task, run_id=scheduled__2025-02-02T00:00:00+00:00, execution_date=20250202T000000, start_date=20250219T180457, end_date=20250219T180457
[2025-02-19T18:04:57.642+0000] {local_task_job_runner.py:266} INFO - Task exited with return code 0
[2025-02-19T18:04:57.662+0000] {taskinstance.py:3901} INFO - 0 downstream tasks scheduled from follow-on schedule check
[2025-02-19T18:04:57.664+0000] {local_task_job_runner.py:245} INFO - ::endgroup::
