[2025-02-18T19:05:09.907+0000] {local_task_job_runner.py:123} INFO - ::group::Pre task execution logs
[2025-02-18T19:05:09.940+0000] {taskinstance.py:2614} INFO - Dependencies all met for dep_context=non-requeueable deps ti=<TaskInstance: example_bash_operator.runme_2 manual__2025-02-18T19:04:55+00:00 [queued]>
[2025-02-18T19:05:09.952+0000] {taskinstance.py:2614} INFO - Dependencies all met for dep_context=requeueable deps ti=<TaskInstance: example_bash_operator.runme_2 manual__2025-02-18T19:04:55+00:00 [queued]>
[2025-02-18T19:05:09.952+0000] {taskinstance.py:2867} INFO - Starting attempt 1 of 1
[2025-02-18T19:05:09.993+0000] {taskinstance.py:2890} INFO - Executing <Task(BashOperator): runme_2> on 2025-02-18 19:04:55+00:00
[2025-02-18T19:05:10.026+0000] {warnings.py:112} WARNING - /home/***/.local/lib/python3.12/site-packages/***/task/task_runner/standard_task_runner.py:70: DeprecationWarning: This process (pid=296) is multi-threaded, use of fork() may lead to deadlocks in the child.
  pid = os.fork()

[2025-02-18T19:05:10.038+0000] {standard_task_runner.py:72} INFO - Started process 308 to run task
[2025-02-18T19:05:10.038+0000] {standard_task_runner.py:104} INFO - Running: ['***', 'tasks', 'run', 'example_bash_operator', 'runme_2', 'manual__2025-02-18T19:04:55+00:00', '--job-id', '8', '--raw', '--subdir', '/home/***/.local/lib/python3.12/site-packages/***/example_dags/example_bash_operator.py', '--cfg-path', '/tmp/tmpp2i2qjzz']
[2025-02-18T19:05:10.050+0000] {standard_task_runner.py:105} INFO - Job 8: Subtask runme_2
[2025-02-18T19:05:10.276+0000] {task_command.py:467} INFO - Running <TaskInstance: example_bash_operator.runme_2 manual__2025-02-18T19:04:55+00:00 [running]> on host cd6c965fea54
[2025-02-18T19:05:10.743+0000] {taskinstance.py:3134} INFO - Exporting env vars: AIRFLOW_CTX_DAG_OWNER='***' AIRFLOW_CTX_DAG_ID='example_bash_operator' AIRFLOW_CTX_TASK_ID='runme_2' AIRFLOW_CTX_EXECUTION_DATE='2025-02-18T19:04:55+00:00' AIRFLOW_CTX_TRY_NUMBER='1' AIRFLOW_CTX_DAG_RUN_ID='manual__2025-02-18T19:04:55+00:00'
[2025-02-18T19:05:10.759+0000] {logging_mixin.py:190} INFO - Task instance is in running state
[2025-02-18T19:05:10.760+0000] {logging_mixin.py:190} INFO -  Previous state of the Task instance: queued
[2025-02-18T19:05:10.762+0000] {logging_mixin.py:190} INFO - Current task name:runme_2 state:running start_date:2025-02-18 19:05:09.942013+00:00
[2025-02-18T19:05:10.764+0000] {logging_mixin.py:190} INFO - Dag name:example_bash_operator and current dag run status:running
[2025-02-18T19:05:10.764+0000] {taskinstance.py:732} INFO - ::endgroup::
[2025-02-18T19:05:10.787+0000] {subprocess.py:78} INFO - Tmp dir root location: /tmp
[2025-02-18T19:05:10.793+0000] {subprocess.py:88} INFO - Running command: ['/usr/bin/bash', '-c', 'echo "example_bash_operator__runme_2__20250218" && sleep 1']
[2025-02-18T19:05:10.825+0000] {subprocess.py:99} INFO - Output:
[2025-02-18T19:05:10.851+0000] {subprocess.py:106} INFO - example_bash_operator__runme_2__20250218
[2025-02-18T19:05:11.885+0000] {subprocess.py:110} INFO - Command exited with return code 0
[2025-02-18T19:05:11.970+0000] {taskinstance.py:341} INFO - ::group::Post task execution logs
[2025-02-18T19:05:11.972+0000] {taskinstance.py:353} INFO - Marking task as SUCCESS. dag_id=example_bash_operator, task_id=runme_2, run_id=manual__2025-02-18T19:04:55+00:00, execution_date=20250218T190455, start_date=20250218T190509, end_date=20250218T190511
[2025-02-18T19:05:12.016+0000] {logging_mixin.py:190} INFO - Task instance in success state
[2025-02-18T19:05:12.019+0000] {logging_mixin.py:190} INFO -  Previous state of the Task instance: running
[2025-02-18T19:05:12.020+0000] {logging_mixin.py:190} INFO - Dag name:example_bash_operator queued_at:2025-02-18 19:05:02.270377+00:00
[2025-02-18T19:05:12.020+0000] {logging_mixin.py:190} INFO - Task hostname:cd6c965fea54 operator:BashOperator
[2025-02-18T19:05:12.049+0000] {local_task_job_runner.py:266} INFO - Task exited with return code 0
[2025-02-18T19:05:12.141+0000] {taskinstance.py:3901} INFO - 0 downstream tasks scheduled from follow-on schedule check
[2025-02-18T19:05:12.155+0000] {local_task_job_runner.py:245} INFO - ::endgroup::
