[2025-02-18T19:05:09.890+0000] {local_task_job_runner.py:123} INFO - ::group::Pre task execution logs
[2025-02-18T19:05:09.925+0000] {taskinstance.py:2614} INFO - Dependencies all met for dep_context=non-requeueable deps ti=<TaskInstance: example_bash_operator.also_run_this manual__2025-02-18T19:04:55+00:00 [queued]>
[2025-02-18T19:05:09.933+0000] {taskinstance.py:2614} INFO - Dependencies all met for dep_context=requeueable deps ti=<TaskInstance: example_bash_operator.also_run_this manual__2025-02-18T19:04:55+00:00 [queued]>
[2025-02-18T19:05:09.933+0000] {taskinstance.py:2867} INFO - Starting attempt 1 of 1
[2025-02-18T19:05:09.959+0000] {taskinstance.py:2890} INFO - Executing <Task(BashOperator): also_run_this> on 2025-02-18 19:04:55+00:00
[2025-02-18T19:05:10.034+0000] {warnings.py:112} WARNING - /home/***/.local/lib/python3.12/site-packages/***/task/task_runner/standard_task_runner.py:70: DeprecationWarning: This process (pid=302) is multi-threaded, use of fork() may lead to deadlocks in the child.
  pid = os.fork()

[2025-02-18T19:05:10.043+0000] {standard_task_runner.py:72} INFO - Started process 311 to run task
[2025-02-18T19:05:10.058+0000] {standard_task_runner.py:104} INFO - Running: ['***', 'tasks', 'run', 'example_bash_operator', 'also_run_this', 'manual__2025-02-18T19:04:55+00:00', '--job-id', '4', '--raw', '--subdir', '/home/***/.local/lib/python3.12/site-packages/***/example_dags/example_bash_operator.py', '--cfg-path', '/tmp/tmpqo112xqr']
[2025-02-18T19:05:10.062+0000] {standard_task_runner.py:105} INFO - Job 4: Subtask also_run_this
[2025-02-18T19:05:10.344+0000] {task_command.py:467} INFO - Running <TaskInstance: example_bash_operator.also_run_this manual__2025-02-18T19:04:55+00:00 [running]> on host cd6c965fea54
[2025-02-18T19:05:11.970+0000] {taskinstance.py:3134} INFO - Exporting env vars: AIRFLOW_CTX_DAG_OWNER='***' AIRFLOW_CTX_DAG_ID='example_bash_operator' AIRFLOW_CTX_TASK_ID='also_run_this' AIRFLOW_CTX_EXECUTION_DATE='2025-02-18T19:04:55+00:00' AIRFLOW_CTX_TRY_NUMBER='1' AIRFLOW_CTX_DAG_RUN_ID='manual__2025-02-18T19:04:55+00:00'
[2025-02-18T19:05:11.971+0000] {logging_mixin.py:190} INFO - Task instance is in running state
[2025-02-18T19:05:11.972+0000] {logging_mixin.py:190} INFO -  Previous state of the Task instance: queued
[2025-02-18T19:05:11.973+0000] {logging_mixin.py:190} INFO - Current task name:also_run_this state:running start_date:2025-02-18 19:05:09.925707+00:00
[2025-02-18T19:05:11.973+0000] {logging_mixin.py:190} INFO - Dag name:example_bash_operator and current dag run status:running
[2025-02-18T19:05:11.973+0000] {taskinstance.py:732} INFO - ::endgroup::
[2025-02-18T19:05:11.974+0000] {subprocess.py:78} INFO - Tmp dir root location: /tmp
[2025-02-18T19:05:11.976+0000] {subprocess.py:88} INFO - Running command: ['/usr/bin/bash', '-c', 'echo "ti_key=example_bash_operator__also_run_this__20250218"']
[2025-02-18T19:05:11.987+0000] {subprocess.py:99} INFO - Output:
[2025-02-18T19:05:11.988+0000] {subprocess.py:106} INFO - ti_key=example_bash_operator__also_run_this__20250218
[2025-02-18T19:05:11.988+0000] {subprocess.py:110} INFO - Command exited with return code 0
[2025-02-18T19:05:12.021+0000] {taskinstance.py:341} INFO - ::group::Post task execution logs
[2025-02-18T19:05:12.022+0000] {taskinstance.py:353} INFO - Marking task as SUCCESS. dag_id=example_bash_operator, task_id=also_run_this, run_id=manual__2025-02-18T19:04:55+00:00, execution_date=20250218T190455, start_date=20250218T190509, end_date=20250218T190512
[2025-02-18T19:05:12.052+0000] {logging_mixin.py:190} INFO - Task instance in success state
[2025-02-18T19:05:12.055+0000] {logging_mixin.py:190} INFO -  Previous state of the Task instance: running
[2025-02-18T19:05:12.056+0000] {logging_mixin.py:190} INFO - Dag name:example_bash_operator queued_at:2025-02-18 19:05:02.270377+00:00
[2025-02-18T19:05:12.056+0000] {logging_mixin.py:190} INFO - Task hostname:cd6c965fea54 operator:BashOperator
[2025-02-18T19:05:12.103+0000] {local_task_job_runner.py:266} INFO - Task exited with return code 0
[2025-02-18T19:05:12.158+0000] {local_task_job_runner.py:245} INFO - ::endgroup::
