[2025-02-19T18:04:56.822+0000] {local_task_job_runner.py:123} INFO - ::group::Pre task execution logs
[2025-02-19T18:04:56.866+0000] {taskinstance.py:2614} INFO - Dependencies all met for dep_context=non-requeueable deps ti=<TaskInstance: First_tag_example.first_task scheduled__2025-01-29T00:00:00+00:00 [queued]>
[2025-02-19T18:04:56.885+0000] {taskinstance.py:2614} INFO - Dependencies all met for dep_context=requeueable deps ti=<TaskInstance: First_tag_example.first_task scheduled__2025-01-29T00:00:00+00:00 [queued]>
[2025-02-19T18:04:56.887+0000] {taskinstance.py:2867} INFO - Starting attempt 1 of 6
[2025-02-19T18:04:56.914+0000] {taskinstance.py:2890} INFO - Executing <Task(BashOperator): first_task> on 2025-01-29 00:00:00+00:00
[2025-02-19T18:04:56.920+0000] {warnings.py:112} WARNING - /home/***/.local/lib/python3.12/site-packages/***/task/task_runner/standard_task_runner.py:70: DeprecationWarning: This process (pid=206) is multi-threaded, use of fork() may lead to deadlocks in the child.
  pid = os.fork()

[2025-02-19T18:04:56.928+0000] {standard_task_runner.py:72} INFO - Started process 216 to run task
[2025-02-19T18:04:56.924+0000] {standard_task_runner.py:104} INFO - Running: ['***', 'tasks', 'run', 'First_tag_example', 'first_task', 'scheduled__2025-01-29T00:00:00+00:00', '--job-id', '32', '--raw', '--subdir', 'DAGS_FOLDER/first_dag_example.py', '--cfg-path', '/tmp/tmpv9as904h']
[2025-02-19T18:04:56.932+0000] {standard_task_runner.py:105} INFO - Job 32: Subtask first_task
[2025-02-19T18:04:57.040+0000] {task_command.py:467} INFO - Running <TaskInstance: First_tag_example.first_task scheduled__2025-01-29T00:00:00+00:00 [running]> on host 4c8bb8eb4736
[2025-02-19T18:04:57.152+0000] {taskinstance.py:3134} INFO - Exporting env vars: AIRFLOW_CTX_DAG_OWNER='goncalo' AIRFLOW_CTX_DAG_ID='First_tag_example' AIRFLOW_CTX_TASK_ID='first_task' AIRFLOW_CTX_EXECUTION_DATE='2025-01-29T00:00:00+00:00' AIRFLOW_CTX_TRY_NUMBER='1' AIRFLOW_CTX_DAG_RUN_ID='scheduled__2025-01-29T00:00:00+00:00'
[2025-02-19T18:04:57.157+0000] {taskinstance.py:732} INFO - ::endgroup::
[2025-02-19T18:04:57.189+0000] {subprocess.py:78} INFO - Tmp dir root location: /tmp
[2025-02-19T18:04:57.191+0000] {subprocess.py:88} INFO - Running command: ['/usr/bin/bash', '-c', 'echo "Hello world!"']
[2025-02-19T18:04:57.203+0000] {subprocess.py:99} INFO - Output:
[2025-02-19T18:04:57.205+0000] {subprocess.py:106} INFO - Hello world!
[2025-02-19T18:04:57.206+0000] {subprocess.py:110} INFO - Command exited with return code 0
[2025-02-19T18:04:57.261+0000] {taskinstance.py:341} INFO - ::group::Post task execution logs
[2025-02-19T18:04:57.262+0000] {taskinstance.py:353} INFO - Marking task as SUCCESS. dag_id=First_tag_example, task_id=first_task, run_id=scheduled__2025-01-29T00:00:00+00:00, execution_date=20250129T000000, start_date=20250219T180456, end_date=20250219T180457
[2025-02-19T18:04:57.370+0000] {local_task_job_runner.py:266} INFO - Task exited with return code 0
[2025-02-19T18:04:57.383+0000] {local_task_job_runner.py:245} INFO - ::endgroup::
