[2025-02-18T19:05:14.521+0000] {local_task_job_runner.py:123} INFO - ::group::Pre task execution logs
[2025-02-18T19:05:14.545+0000] {taskinstance.py:2614} INFO - Dependencies all met for dep_context=non-requeueable deps ti=<TaskInstance: example_bash_operator.run_after_loop scheduled__2025-02-17T00:00:00+00:00 [queued]>
[2025-02-18T19:05:14.551+0000] {taskinstance.py:2614} INFO - Dependencies all met for dep_context=requeueable deps ti=<TaskInstance: example_bash_operator.run_after_loop scheduled__2025-02-17T00:00:00+00:00 [queued]>
[2025-02-18T19:05:14.551+0000] {taskinstance.py:2867} INFO - Starting attempt 1 of 1
[2025-02-18T19:05:14.558+0000] {taskinstance.py:2890} INFO - Executing <Task(BashOperator): run_after_loop> on 2025-02-17 00:00:00+00:00
[2025-02-18T19:05:14.564+0000] {warnings.py:112} WARNING - /home/***/.local/lib/python3.12/site-packages/***/task/task_runner/standard_task_runner.py:70: DeprecationWarning: This process (pid=337) is multi-threaded, use of fork() may lead to deadlocks in the child.
  pid = os.fork()

[2025-02-18T19:05:14.565+0000] {standard_task_runner.py:72} INFO - Started process 338 to run task
[2025-02-18T19:05:14.566+0000] {standard_task_runner.py:104} INFO - Running: ['***', 'tasks', 'run', 'example_bash_operator', 'run_after_loop', 'scheduled__2025-02-17T00:00:00+00:00', '--job-id', '14', '--raw', '--subdir', '/home/***/.local/lib/python3.12/site-packages/***/example_dags/example_bash_operator.py', '--cfg-path', '/tmp/tmpjxn1ymj_']
[2025-02-18T19:05:14.567+0000] {standard_task_runner.py:105} INFO - Job 14: Subtask run_after_loop
[2025-02-18T19:05:14.833+0000] {task_command.py:467} INFO - Running <TaskInstance: example_bash_operator.run_after_loop scheduled__2025-02-17T00:00:00+00:00 [running]> on host cd6c965fea54
[2025-02-18T19:05:14.897+0000] {taskinstance.py:3134} INFO - Exporting env vars: AIRFLOW_CTX_DAG_OWNER='***' AIRFLOW_CTX_DAG_ID='example_bash_operator' AIRFLOW_CTX_TASK_ID='run_after_loop' AIRFLOW_CTX_EXECUTION_DATE='2025-02-17T00:00:00+00:00' AIRFLOW_CTX_TRY_NUMBER='1' AIRFLOW_CTX_DAG_RUN_ID='scheduled__2025-02-17T00:00:00+00:00'
[2025-02-18T19:05:14.899+0000] {logging_mixin.py:190} INFO - Task instance is in running state
[2025-02-18T19:05:14.899+0000] {logging_mixin.py:190} INFO -  Previous state of the Task instance: queued
[2025-02-18T19:05:14.899+0000] {logging_mixin.py:190} INFO - Current task name:run_after_loop state:running start_date:2025-02-18 19:05:14.545504+00:00
[2025-02-18T19:05:14.899+0000] {logging_mixin.py:190} INFO - Dag name:example_bash_operator and current dag run status:running
[2025-02-18T19:05:14.899+0000] {taskinstance.py:732} INFO - ::endgroup::
[2025-02-18T19:05:14.900+0000] {subprocess.py:78} INFO - Tmp dir root location: /tmp
[2025-02-18T19:05:14.901+0000] {subprocess.py:88} INFO - Running command: ['/usr/bin/bash', '-c', 'echo https://***.apache.org/']
[2025-02-18T19:05:14.908+0000] {subprocess.py:99} INFO - Output:
[2025-02-18T19:05:14.909+0000] {subprocess.py:106} INFO - https://***.apache.org/
[2025-02-18T19:05:14.909+0000] {subprocess.py:110} INFO - Command exited with return code 0
[2025-02-18T19:05:14.927+0000] {taskinstance.py:341} INFO - ::group::Post task execution logs
[2025-02-18T19:05:14.927+0000] {taskinstance.py:353} INFO - Marking task as SUCCESS. dag_id=example_bash_operator, task_id=run_after_loop, run_id=scheduled__2025-02-17T00:00:00+00:00, execution_date=20250217T000000, start_date=20250218T190514, end_date=20250218T190514
[2025-02-18T19:05:14.939+0000] {logging_mixin.py:190} INFO - Task instance in success state
[2025-02-18T19:05:14.939+0000] {logging_mixin.py:190} INFO -  Previous state of the Task instance: running
[2025-02-18T19:05:14.939+0000] {logging_mixin.py:190} INFO - Dag name:example_bash_operator queued_at:2025-02-18 19:05:02.649718+00:00
[2025-02-18T19:05:14.939+0000] {logging_mixin.py:190} INFO - Task hostname:cd6c965fea54 operator:BashOperator
[2025-02-18T19:05:14.955+0000] {local_task_job_runner.py:266} INFO - Task exited with return code 0
[2025-02-18T19:05:15.090+0000] {taskinstance.py:3901} INFO - 0 downstream tasks scheduled from follow-on schedule check
[2025-02-18T19:05:15.091+0000] {local_task_job_runner.py:245} INFO - ::endgroup::
