[2025-02-19T18:04:45.502+0000] {local_task_job_runner.py:123} INFO - ::group::Pre task execution logs
[2025-02-19T18:04:45.553+0000] {taskinstance.py:2614} INFO - Dependencies all met for dep_context=non-requeueable deps ti=<TaskInstance: First_tag_example.first_task manual__2025-02-19T18:04:42.523914+00:00 [queued]>
[2025-02-19T18:04:45.586+0000] {taskinstance.py:2614} INFO - Dependencies all met for dep_context=requeueable deps ti=<TaskInstance: First_tag_example.first_task manual__2025-02-19T18:04:42.523914+00:00 [queued]>
[2025-02-19T18:04:45.589+0000] {taskinstance.py:2867} INFO - Starting attempt 1 of 6
[2025-02-19T18:04:45.668+0000] {taskinstance.py:2890} INFO - Executing <Task(BashOperator): first_task> on 2025-02-19 18:04:42.523914+00:00
[2025-02-19T18:04:45.694+0000] {warnings.py:112} WARNING - /home/***/.local/lib/python3.12/site-packages/***/task/task_runner/standard_task_runner.py:70: DeprecationWarning: This process (pid=97) is multi-threaded, use of fork() may lead to deadlocks in the child.
  pid = os.fork()

[2025-02-19T18:04:45.696+0000] {standard_task_runner.py:72} INFO - Started process 106 to run task
[2025-02-19T18:04:45.698+0000] {standard_task_runner.py:104} INFO - Running: ['***', 'tasks', 'run', 'First_tag_example', 'first_task', 'manual__2025-02-19T18:04:42.523914+00:00', '--job-id', '4', '--raw', '--subdir', 'DAGS_FOLDER/first_dag_example.py', '--cfg-path', '/tmp/tmpivp9k1la']
[2025-02-19T18:04:45.702+0000] {standard_task_runner.py:105} INFO - Job 4: Subtask first_task
[2025-02-19T18:04:45.845+0000] {task_command.py:467} INFO - Running <TaskInstance: First_tag_example.first_task manual__2025-02-19T18:04:42.523914+00:00 [running]> on host 4c8bb8eb4736
[2025-02-19T18:04:46.431+0000] {taskinstance.py:3134} INFO - Exporting env vars: AIRFLOW_CTX_DAG_OWNER='goncalo' AIRFLOW_CTX_DAG_ID='First_tag_example' AIRFLOW_CTX_TASK_ID='first_task' AIRFLOW_CTX_EXECUTION_DATE='2025-02-19T18:04:42.523914+00:00' AIRFLOW_CTX_TRY_NUMBER='1' AIRFLOW_CTX_DAG_RUN_ID='manual__2025-02-19T18:04:42.523914+00:00'
[2025-02-19T18:04:46.441+0000] {taskinstance.py:732} INFO - ::endgroup::
[2025-02-19T18:04:46.586+0000] {subprocess.py:78} INFO - Tmp dir root location: /tmp
[2025-02-19T18:04:46.600+0000] {subprocess.py:88} INFO - Running command: ['/usr/bin/bash', '-c', 'echo "Hello world!"']
[2025-02-19T18:04:46.692+0000] {subprocess.py:99} INFO - Output:
[2025-02-19T18:04:46.696+0000] {subprocess.py:106} INFO - Hello world!
[2025-02-19T18:04:46.699+0000] {subprocess.py:110} INFO - Command exited with return code 0
[2025-02-19T18:04:46.844+0000] {taskinstance.py:341} INFO - ::group::Post task execution logs
[2025-02-19T18:04:46.844+0000] {taskinstance.py:353} INFO - Marking task as SUCCESS. dag_id=First_tag_example, task_id=first_task, run_id=manual__2025-02-19T18:04:42.523914+00:00, execution_date=20250219T180442, start_date=20250219T180445, end_date=20250219T180446
[2025-02-19T18:04:47.112+0000] {local_task_job_runner.py:266} INFO - Task exited with return code 0
[2025-02-19T18:04:47.250+0000] {taskinstance.py:3901} INFO - 0 downstream tasks scheduled from follow-on schedule check
[2025-02-19T18:04:47.277+0000] {local_task_job_runner.py:245} INFO - ::endgroup::
