[2025-02-19T18:05:02.295+0000] {local_task_job_runner.py:123} INFO - ::group::Pre task execution logs
[2025-02-19T18:05:02.362+0000] {taskinstance.py:2614} INFO - Dependencies all met for dep_context=non-requeueable deps ti=<TaskInstance: First_tag_example.first_task scheduled__2025-02-09T00:00:00+00:00 [queued]>
[2025-02-19T18:05:02.375+0000] {taskinstance.py:2614} INFO - Dependencies all met for dep_context=requeueable deps ti=<TaskInstance: First_tag_example.first_task scheduled__2025-02-09T00:00:00+00:00 [queued]>
[2025-02-19T18:05:02.377+0000] {taskinstance.py:2867} INFO - Starting attempt 1 of 6
[2025-02-19T18:05:02.426+0000] {taskinstance.py:2890} INFO - Executing <Task(BashOperator): first_task> on 2025-02-09 00:00:00+00:00
[2025-02-19T18:05:02.436+0000] {warnings.py:112} WARNING - /home/***/.local/lib/python3.12/site-packages/***/task/task_runner/standard_task_runner.py:70: DeprecationWarning: This process (pid=257) is multi-threaded, use of fork() may lead to deadlocks in the child.
  pid = os.fork()

[2025-02-19T18:05:02.456+0000] {standard_task_runner.py:72} INFO - Started process 269 to run task
[2025-02-19T18:05:02.451+0000] {standard_task_runner.py:104} INFO - Running: ['***', 'tasks', 'run', 'First_tag_example', 'first_task', 'scheduled__2025-02-09T00:00:00+00:00', '--job-id', '43', '--raw', '--subdir', 'DAGS_FOLDER/first_dag_example.py', '--cfg-path', '/tmp/tmptkzixf52']
[2025-02-19T18:05:02.458+0000] {standard_task_runner.py:105} INFO - Job 43: Subtask first_task
[2025-02-19T18:05:02.556+0000] {task_command.py:467} INFO - Running <TaskInstance: First_tag_example.first_task scheduled__2025-02-09T00:00:00+00:00 [running]> on host 4c8bb8eb4736
[2025-02-19T18:05:02.742+0000] {taskinstance.py:3134} INFO - Exporting env vars: AIRFLOW_CTX_DAG_OWNER='goncalo' AIRFLOW_CTX_DAG_ID='First_tag_example' AIRFLOW_CTX_TASK_ID='first_task' AIRFLOW_CTX_EXECUTION_DATE='2025-02-09T00:00:00+00:00' AIRFLOW_CTX_TRY_NUMBER='1' AIRFLOW_CTX_DAG_RUN_ID='scheduled__2025-02-09T00:00:00+00:00'
[2025-02-19T18:05:02.744+0000] {taskinstance.py:732} INFO - ::endgroup::
[2025-02-19T18:05:02.800+0000] {subprocess.py:78} INFO - Tmp dir root location: /tmp
[2025-02-19T18:05:02.807+0000] {subprocess.py:88} INFO - Running command: ['/usr/bin/bash', '-c', 'echo "Hello world!"']
[2025-02-19T18:05:02.824+0000] {subprocess.py:99} INFO - Output:
[2025-02-19T18:05:02.827+0000] {subprocess.py:106} INFO - Hello world!
[2025-02-19T18:05:02.830+0000] {subprocess.py:110} INFO - Command exited with return code 0
[2025-02-19T18:05:02.891+0000] {taskinstance.py:341} INFO - ::group::Post task execution logs
[2025-02-19T18:05:02.892+0000] {taskinstance.py:353} INFO - Marking task as SUCCESS. dag_id=First_tag_example, task_id=first_task, run_id=scheduled__2025-02-09T00:00:00+00:00, execution_date=20250209T000000, start_date=20250219T180502, end_date=20250219T180502
[2025-02-19T18:05:02.993+0000] {local_task_job_runner.py:266} INFO - Task exited with return code 0
[2025-02-19T18:05:03.005+0000] {taskinstance.py:3901} INFO - 0 downstream tasks scheduled from follow-on schedule check
[2025-02-19T18:05:03.008+0000] {local_task_job_runner.py:245} INFO - ::endgroup::
