[2025-02-19T20:12:16.844+0000] {local_task_job_runner.py:123} INFO - ::group::Pre task execution logs
[2025-02-19T20:12:16.893+0000] {taskinstance.py:2614} INFO - Dependencies all met for dep_context=non-requeueable deps ti=<TaskInstance: first_dag_example_v0.first_task scheduled__2025-02-09T00:00:00+00:00 [queued]>
[2025-02-19T20:12:17.016+0000] {taskinstance.py:2614} INFO - Dependencies all met for dep_context=requeueable deps ti=<TaskInstance: first_dag_example_v0.first_task scheduled__2025-02-09T00:00:00+00:00 [queued]>
[2025-02-19T20:12:17.031+0000] {taskinstance.py:2867} INFO - Starting attempt 1 of 6
[2025-02-19T20:12:17.087+0000] {taskinstance.py:2890} INFO - Executing <Task(BashOperator): first_task> on 2025-02-09 00:00:00+00:00
[2025-02-19T20:12:17.102+0000] {warnings.py:112} WARNING - /home/***/.local/lib/python3.12/site-packages/***/task/task_runner/standard_task_runner.py:70: DeprecationWarning: This process (pid=1323) is multi-threaded, use of fork() may lead to deadlocks in the child.
  pid = os.fork()

[2025-02-19T20:12:17.104+0000] {standard_task_runner.py:104} INFO - Running: ['***', 'tasks', 'run', 'first_dag_example_v0', 'first_task', 'scheduled__2025-02-09T00:00:00+00:00', '--job-id', '49', '--raw', '--subdir', 'DAGS_FOLDER/wtv.py', '--cfg-path', '/tmp/tmp0z3fy3t8']
[2025-02-19T20:12:17.109+0000] {standard_task_runner.py:105} INFO - Job 49: Subtask first_task
[2025-02-19T20:12:17.106+0000] {standard_task_runner.py:72} INFO - Started process 1349 to run task
[2025-02-19T20:12:17.327+0000] {task_command.py:467} INFO - Running <TaskInstance: first_dag_example_v0.first_task scheduled__2025-02-09T00:00:00+00:00 [running]> on host 8fb7a5664bcb
[2025-02-19T20:12:17.460+0000] {taskinstance.py:3134} INFO - Exporting env vars: AIRFLOW_CTX_DAG_OWNER='goncalo' AIRFLOW_CTX_DAG_ID='first_dag_example_v0' AIRFLOW_CTX_TASK_ID='first_task' AIRFLOW_CTX_EXECUTION_DATE='2025-02-09T00:00:00+00:00' AIRFLOW_CTX_TRY_NUMBER='1' AIRFLOW_CTX_DAG_RUN_ID='scheduled__2025-02-09T00:00:00+00:00'
[2025-02-19T20:12:17.462+0000] {taskinstance.py:732} INFO - ::endgroup::
[2025-02-19T20:12:17.477+0000] {subprocess.py:78} INFO - Tmp dir root location: /tmp
[2025-02-19T20:12:17.478+0000] {subprocess.py:88} INFO - Running command: ['/usr/bin/bash', '-c', 'echo "Hello world!"']
[2025-02-19T20:12:17.495+0000] {subprocess.py:99} INFO - Output:
[2025-02-19T20:12:17.497+0000] {subprocess.py:106} INFO - Hello world!
[2025-02-19T20:12:17.499+0000] {subprocess.py:110} INFO - Command exited with return code 0
[2025-02-19T20:12:17.522+0000] {taskinstance.py:341} INFO - ::group::Post task execution logs
[2025-02-19T20:12:17.523+0000] {taskinstance.py:353} INFO - Marking task as SUCCESS. dag_id=first_dag_example_v0, task_id=first_task, run_id=scheduled__2025-02-09T00:00:00+00:00, execution_date=20250209T000000, start_date=20250219T201216, end_date=20250219T201217
[2025-02-19T20:12:17.604+0000] {local_task_job_runner.py:266} INFO - Task exited with return code 0
[2025-02-19T20:12:17.628+0000] {taskinstance.py:3901} INFO - 0 downstream tasks scheduled from follow-on schedule check
[2025-02-19T20:12:17.629+0000] {local_task_job_runner.py:245} INFO - ::endgroup::
