[2025-02-19T11:15:33.707+0000] {local_task_job_runner.py:123} INFO - ::group::Pre task execution logs
[2025-02-19T11:15:33.721+0000] {taskinstance.py:2614} INFO - Dependencies all met for dep_context=non-requeueable deps ti=<TaskInstance: conditional_dataset_and_time_based_timetable.conditional_dataset_and_time_based_timetable scheduled__2025-02-19T01:00:00+00:00 [queued]>
[2025-02-19T11:15:33.728+0000] {taskinstance.py:2614} INFO - Dependencies all met for dep_context=requeueable deps ti=<TaskInstance: conditional_dataset_and_time_based_timetable.conditional_dataset_and_time_based_timetable scheduled__2025-02-19T01:00:00+00:00 [queued]>
[2025-02-19T11:15:33.728+0000] {taskinstance.py:2867} INFO - Starting attempt 1 of 1
[2025-02-19T11:15:33.737+0000] {taskinstance.py:2890} INFO - Executing <Task(BashOperator): conditional_dataset_and_time_based_timetable> on 2025-02-19 01:00:00+00:00
[2025-02-19T11:15:33.757+0000] {standard_task_runner.py:104} INFO - Running: ['***', 'tasks', 'run', 'conditional_dataset_and_time_based_timetable', 'conditional_dataset_and_time_based_timetable', 'scheduled__2025-02-19T01:00:00+00:00', '--job-id', '20', '--raw', '--subdir', '/home/***/.local/lib/python3.12/site-packages/***/example_dags/example_datasets.py', '--cfg-path', '/tmp/tmpbb0swm46']
[2025-02-19T11:15:33.755+0000] {warnings.py:112} WARNING - /home/***/.local/lib/python3.12/site-packages/***/task/task_runner/standard_task_runner.py:70: DeprecationWarning: This process (pid=4691) is multi-threaded, use of fork() may lead to deadlocks in the child.
  pid = os.fork()

[2025-02-19T11:15:33.758+0000] {standard_task_runner.py:105} INFO - Job 20: Subtask conditional_dataset_and_time_based_timetable
[2025-02-19T11:15:33.758+0000] {standard_task_runner.py:72} INFO - Started process 4693 to run task
[2025-02-19T11:15:34.977+0000] {task_command.py:467} INFO - Running <TaskInstance: conditional_dataset_and_time_based_timetable.conditional_dataset_and_time_based_timetable scheduled__2025-02-19T01:00:00+00:00 [running]> on host 3a0c79aa0606
[2025-02-19T11:15:35.024+0000] {taskinstance.py:3134} INFO - Exporting env vars: AIRFLOW_CTX_DAG_OWNER='***' AIRFLOW_CTX_DAG_ID='conditional_dataset_and_time_based_timetable' AIRFLOW_CTX_TASK_ID='conditional_dataset_and_time_based_timetable' AIRFLOW_CTX_EXECUTION_DATE='2025-02-19T01:00:00+00:00' AIRFLOW_CTX_TRY_NUMBER='1' AIRFLOW_CTX_DAG_RUN_ID='scheduled__2025-02-19T01:00:00+00:00'
[2025-02-19T11:15:35.025+0000] {logging_mixin.py:190} INFO - Task instance is in running state
[2025-02-19T11:15:35.026+0000] {logging_mixin.py:190} INFO -  Previous state of the Task instance: queued
[2025-02-19T11:15:35.026+0000] {logging_mixin.py:190} INFO - Current task name:conditional_dataset_and_time_based_timetable state:running start_date:2025-02-19 11:15:33.723068+00:00
[2025-02-19T11:15:35.026+0000] {logging_mixin.py:190} INFO - Dag name:conditional_dataset_and_time_based_timetable and current dag run status:running
[2025-02-19T11:15:35.026+0000] {taskinstance.py:732} INFO - ::endgroup::
[2025-02-19T11:15:35.027+0000] {subprocess.py:78} INFO - Tmp dir root location: /tmp
[2025-02-19T11:15:35.027+0000] {subprocess.py:88} INFO - Running command: ['/usr/bin/bash', '-c', 'sleep 5']
[2025-02-19T11:15:35.035+0000] {subprocess.py:99} INFO - Output:
[2025-02-19T11:15:40.044+0000] {subprocess.py:110} INFO - Command exited with return code 0
[2025-02-19T11:15:40.112+0000] {taskinstance.py:341} INFO - ::group::Post task execution logs
[2025-02-19T11:15:40.117+0000] {taskinstance.py:353} INFO - Marking task as SUCCESS. dag_id=conditional_dataset_and_time_based_timetable, task_id=conditional_dataset_and_time_based_timetable, run_id=scheduled__2025-02-19T01:00:00+00:00, execution_date=20250219T010000, start_date=20250219T111533, end_date=20250219T111540
[2025-02-19T11:15:40.169+0000] {logging_mixin.py:190} INFO - Task instance in success state
[2025-02-19T11:15:40.170+0000] {logging_mixin.py:190} INFO -  Previous state of the Task instance: running
[2025-02-19T11:15:40.170+0000] {logging_mixin.py:190} INFO - Dag name:conditional_dataset_and_time_based_timetable queued_at:2025-02-19 11:15:28.509078+00:00
[2025-02-19T11:15:40.170+0000] {logging_mixin.py:190} INFO - Task hostname:3a0c79aa0606 operator:BashOperator
[2025-02-19T11:15:40.226+0000] {local_task_job_runner.py:266} INFO - Task exited with return code 0
[2025-02-19T11:15:40.235+0000] {taskinstance.py:3901} INFO - 0 downstream tasks scheduled from follow-on schedule check
[2025-02-19T11:15:40.236+0000] {local_task_job_runner.py:245} INFO - ::endgroup::
