[2025-02-18T19:05:09.928+0000] {local_task_job_runner.py:123} INFO - ::group::Pre task execution logs
[2025-02-18T19:05:09.946+0000] {taskinstance.py:2614} INFO - Dependencies all met for dep_context=non-requeueable deps ti=<TaskInstance: example_bash_operator.also_run_this scheduled__2025-02-17T00:00:00+00:00 [queued]>
[2025-02-18T19:05:09.952+0000] {taskinstance.py:2614} INFO - Dependencies all met for dep_context=requeueable deps ti=<TaskInstance: example_bash_operator.also_run_this scheduled__2025-02-17T00:00:00+00:00 [queued]>
[2025-02-18T19:05:09.953+0000] {taskinstance.py:2867} INFO - Starting attempt 1 of 1
[2025-02-18T19:05:10.006+0000] {taskinstance.py:2890} INFO - Executing <Task(BashOperator): also_run_this> on 2025-02-17 00:00:00+00:00
[2025-02-18T19:05:10.041+0000] {standard_task_runner.py:104} INFO - Running: ['***', 'tasks', 'run', 'example_bash_operator', 'also_run_this', 'scheduled__2025-02-17T00:00:00+00:00', '--job-id', '9', '--raw', '--subdir', '/home/***/.local/lib/python3.12/site-packages/***/example_dags/example_bash_operator.py', '--cfg-path', '/tmp/tmp98qpa_0s']
[2025-02-18T19:05:10.049+0000] {standard_task_runner.py:105} INFO - Job 9: Subtask also_run_this
[2025-02-18T19:05:10.030+0000] {warnings.py:112} WARNING - /home/***/.local/lib/python3.12/site-packages/***/task/task_runner/standard_task_runner.py:70: DeprecationWarning: This process (pid=301) is multi-threaded, use of fork() may lead to deadlocks in the child.
  pid = os.fork()

[2025-02-18T19:05:10.052+0000] {standard_task_runner.py:72} INFO - Started process 309 to run task
[2025-02-18T19:05:10.212+0000] {task_command.py:467} INFO - Running <TaskInstance: example_bash_operator.also_run_this scheduled__2025-02-17T00:00:00+00:00 [running]> on host cd6c965fea54
[2025-02-18T19:05:11.895+0000] {taskinstance.py:3134} INFO - Exporting env vars: AIRFLOW_CTX_DAG_OWNER='***' AIRFLOW_CTX_DAG_ID='example_bash_operator' AIRFLOW_CTX_TASK_ID='also_run_this' AIRFLOW_CTX_EXECUTION_DATE='2025-02-17T00:00:00+00:00' AIRFLOW_CTX_TRY_NUMBER='1' AIRFLOW_CTX_DAG_RUN_ID='scheduled__2025-02-17T00:00:00+00:00'
[2025-02-18T19:05:11.897+0000] {logging_mixin.py:190} INFO - Task instance is in running state
[2025-02-18T19:05:11.898+0000] {logging_mixin.py:190} INFO -  Previous state of the Task instance: queued
[2025-02-18T19:05:11.899+0000] {logging_mixin.py:190} INFO - Current task name:also_run_this state:running start_date:2025-02-18 19:05:09.948307+00:00
[2025-02-18T19:05:11.899+0000] {logging_mixin.py:190} INFO - Dag name:example_bash_operator and current dag run status:running
[2025-02-18T19:05:11.900+0000] {taskinstance.py:732} INFO - ::endgroup::
[2025-02-18T19:05:11.906+0000] {subprocess.py:78} INFO - Tmp dir root location: /tmp
[2025-02-18T19:05:11.911+0000] {subprocess.py:88} INFO - Running command: ['/usr/bin/bash', '-c', 'echo "ti_key=example_bash_operator__also_run_this__20250217"']
[2025-02-18T19:05:11.924+0000] {subprocess.py:99} INFO - Output:
[2025-02-18T19:05:11.925+0000] {subprocess.py:106} INFO - ti_key=example_bash_operator__also_run_this__20250217
[2025-02-18T19:05:11.926+0000] {subprocess.py:110} INFO - Command exited with return code 0
[2025-02-18T19:05:11.960+0000] {taskinstance.py:341} INFO - ::group::Post task execution logs
[2025-02-18T19:05:11.961+0000] {taskinstance.py:353} INFO - Marking task as SUCCESS. dag_id=example_bash_operator, task_id=also_run_this, run_id=scheduled__2025-02-17T00:00:00+00:00, execution_date=20250217T000000, start_date=20250218T190509, end_date=20250218T190511
[2025-02-18T19:05:12.003+0000] {logging_mixin.py:190} INFO - Task instance in success state
[2025-02-18T19:05:12.004+0000] {logging_mixin.py:190} INFO -  Previous state of the Task instance: running
[2025-02-18T19:05:12.005+0000] {logging_mixin.py:190} INFO - Dag name:example_bash_operator queued_at:2025-02-18 19:05:02.649718+00:00
[2025-02-18T19:05:12.005+0000] {logging_mixin.py:190} INFO - Task hostname:cd6c965fea54 operator:BashOperator
[2025-02-18T19:05:12.043+0000] {local_task_job_runner.py:266} INFO - Task exited with return code 0
[2025-02-18T19:05:12.128+0000] {taskinstance.py:3901} INFO - 0 downstream tasks scheduled from follow-on schedule check
[2025-02-18T19:05:12.130+0000] {local_task_job_runner.py:245} INFO - ::endgroup::
