[2025-02-18T19:05:09.885+0000] {local_task_job_runner.py:123} INFO - ::group::Pre task execution logs
[2025-02-18T19:05:09.921+0000] {taskinstance.py:2614} INFO - Dependencies all met for dep_context=non-requeueable deps ti=<TaskInstance: example_bash_operator.runme_2 scheduled__2025-02-17T00:00:00+00:00 [queued]>
[2025-02-18T19:05:09.933+0000] {taskinstance.py:2614} INFO - Dependencies all met for dep_context=requeueable deps ti=<TaskInstance: example_bash_operator.runme_2 scheduled__2025-02-17T00:00:00+00:00 [queued]>
[2025-02-18T19:05:09.934+0000] {taskinstance.py:2867} INFO - Starting attempt 1 of 1
[2025-02-18T19:05:09.970+0000] {taskinstance.py:2890} INFO - Executing <Task(BashOperator): runme_2> on 2025-02-17 00:00:00+00:00
[2025-02-18T19:05:10.021+0000] {warnings.py:112} WARNING - /home/***/.local/lib/python3.12/site-packages/***/task/task_runner/standard_task_runner.py:70: DeprecationWarning: This process (pid=299) is multi-threaded, use of fork() may lead to deadlocks in the child.
  pid = os.fork()

[2025-02-18T19:05:10.031+0000] {standard_task_runner.py:72} INFO - Started process 306 to run task
[2025-02-18T19:05:10.034+0000] {standard_task_runner.py:104} INFO - Running: ['***', 'tasks', 'run', 'example_bash_operator', 'runme_2', 'scheduled__2025-02-17T00:00:00+00:00', '--job-id', '3', '--raw', '--subdir', '/home/***/.local/lib/python3.12/site-packages/***/example_dags/example_bash_operator.py', '--cfg-path', '/tmp/tmpfhr6e0_e']
[2025-02-18T19:05:10.047+0000] {standard_task_runner.py:105} INFO - Job 3: Subtask runme_2
[2025-02-18T19:05:11.611+0000] {task_command.py:467} INFO - Running <TaskInstance: example_bash_operator.runme_2 scheduled__2025-02-17T00:00:00+00:00 [running]> on host cd6c965fea54
[2025-02-18T19:05:11.738+0000] {taskinstance.py:3134} INFO - Exporting env vars: AIRFLOW_CTX_DAG_OWNER='***' AIRFLOW_CTX_DAG_ID='example_bash_operator' AIRFLOW_CTX_TASK_ID='runme_2' AIRFLOW_CTX_EXECUTION_DATE='2025-02-17T00:00:00+00:00' AIRFLOW_CTX_TRY_NUMBER='1' AIRFLOW_CTX_DAG_RUN_ID='scheduled__2025-02-17T00:00:00+00:00'
[2025-02-18T19:05:11.742+0000] {logging_mixin.py:190} INFO - Task instance is in running state
[2025-02-18T19:05:11.743+0000] {logging_mixin.py:190} INFO -  Previous state of the Task instance: queued
[2025-02-18T19:05:11.748+0000] {logging_mixin.py:190} INFO - Current task name:runme_2 state:running start_date:2025-02-18 19:05:09.923478+00:00
[2025-02-18T19:05:11.749+0000] {logging_mixin.py:190} INFO - Dag name:example_bash_operator and current dag run status:running
[2025-02-18T19:05:11.750+0000] {taskinstance.py:732} INFO - ::endgroup::
[2025-02-18T19:05:11.752+0000] {subprocess.py:78} INFO - Tmp dir root location: /tmp
[2025-02-18T19:05:11.754+0000] {subprocess.py:88} INFO - Running command: ['/usr/bin/bash', '-c', 'echo "example_bash_operator__runme_2__20250217" && sleep 1']
[2025-02-18T19:05:11.774+0000] {subprocess.py:99} INFO - Output:
[2025-02-18T19:05:11.777+0000] {subprocess.py:106} INFO - example_bash_operator__runme_2__20250217
[2025-02-18T19:05:12.783+0000] {subprocess.py:110} INFO - Command exited with return code 0
[2025-02-18T19:05:12.833+0000] {taskinstance.py:341} INFO - ::group::Post task execution logs
[2025-02-18T19:05:12.833+0000] {taskinstance.py:353} INFO - Marking task as SUCCESS. dag_id=example_bash_operator, task_id=runme_2, run_id=scheduled__2025-02-17T00:00:00+00:00, execution_date=20250217T000000, start_date=20250218T190509, end_date=20250218T190512
[2025-02-18T19:05:12.867+0000] {logging_mixin.py:190} INFO - Task instance in success state
[2025-02-18T19:05:12.869+0000] {logging_mixin.py:190} INFO -  Previous state of the Task instance: running
[2025-02-18T19:05:12.869+0000] {logging_mixin.py:190} INFO - Dag name:example_bash_operator queued_at:2025-02-18 19:05:02.649718+00:00
[2025-02-18T19:05:12.870+0000] {logging_mixin.py:190} INFO - Task hostname:cd6c965fea54 operator:BashOperator
[2025-02-18T19:05:12.908+0000] {local_task_job_runner.py:266} INFO - Task exited with return code 0
[2025-02-18T19:05:12.958+0000] {local_task_job_runner.py:245} INFO - ::endgroup::
