[2025-02-19T11:15:33.707+0000] {local_task_job_runner.py:123} INFO - ::group::Pre task execution logs
[2025-02-19T11:15:33.721+0000] {taskinstance.py:2614} INFO - Dependencies all met for dep_context=non-requeueable deps ti=<TaskInstance: conditional_dataset_and_time_based_timetable.conditional_dataset_and_time_based_timetable manual__2025-02-19T11:15:27.020098+00:00 [queued]>
[2025-02-19T11:15:33.728+0000] {taskinstance.py:2614} INFO - Dependencies all met for dep_context=requeueable deps ti=<TaskInstance: conditional_dataset_and_time_based_timetable.conditional_dataset_and_time_based_timetable manual__2025-02-19T11:15:27.020098+00:00 [queued]>
[2025-02-19T11:15:33.730+0000] {taskinstance.py:2867} INFO - Starting attempt 1 of 1
[2025-02-19T11:15:33.739+0000] {taskinstance.py:2890} INFO - Executing <Task(BashOperator): conditional_dataset_and_time_based_timetable> on 2025-02-19 11:15:27.020098+00:00
[2025-02-19T11:15:33.754+0000] {warnings.py:112} WARNING - /home/***/.local/lib/python3.12/site-packages/***/task/task_runner/standard_task_runner.py:70: DeprecationWarning: This process (pid=4690) is multi-threaded, use of fork() may lead to deadlocks in the child.
  pid = os.fork()

[2025-02-19T11:15:33.756+0000] {standard_task_runner.py:72} INFO - Started process 4692 to run task
[2025-02-19T11:15:33.756+0000] {standard_task_runner.py:104} INFO - Running: ['***', 'tasks', 'run', 'conditional_dataset_and_time_based_timetable', 'conditional_dataset_and_time_based_timetable', 'manual__2025-02-19T11:15:27.020098+00:00', '--job-id', '19', '--raw', '--subdir', '/home/***/.local/lib/python3.12/site-packages/***/example_dags/example_datasets.py', '--cfg-path', '/tmp/tmp8sgzi62k']
[2025-02-19T11:15:33.757+0000] {standard_task_runner.py:105} INFO - Job 19: Subtask conditional_dataset_and_time_based_timetable
[2025-02-19T11:15:34.964+0000] {task_command.py:467} INFO - Running <TaskInstance: conditional_dataset_and_time_based_timetable.conditional_dataset_and_time_based_timetable manual__2025-02-19T11:15:27.020098+00:00 [running]> on host 3a0c79aa0606
[2025-02-19T11:15:35.007+0000] {taskinstance.py:3134} INFO - Exporting env vars: AIRFLOW_CTX_DAG_OWNER='***' AIRFLOW_CTX_DAG_ID='conditional_dataset_and_time_based_timetable' AIRFLOW_CTX_TASK_ID='conditional_dataset_and_time_based_timetable' AIRFLOW_CTX_EXECUTION_DATE='2025-02-19T11:15:27.020098+00:00' AIRFLOW_CTX_TRY_NUMBER='1' AIRFLOW_CTX_DAG_RUN_ID='manual__2025-02-19T11:15:27.020098+00:00'
[2025-02-19T11:15:35.010+0000] {logging_mixin.py:190} INFO - Task instance is in running state
[2025-02-19T11:15:35.013+0000] {logging_mixin.py:190} INFO -  Previous state of the Task instance: queued
[2025-02-19T11:15:35.013+0000] {logging_mixin.py:190} INFO - Current task name:conditional_dataset_and_time_based_timetable state:running start_date:2025-02-19 11:15:33.722448+00:00
[2025-02-19T11:15:35.014+0000] {logging_mixin.py:190} INFO - Dag name:conditional_dataset_and_time_based_timetable and current dag run status:running
[2025-02-19T11:15:35.014+0000] {taskinstance.py:732} INFO - ::endgroup::
[2025-02-19T11:15:35.016+0000] {subprocess.py:78} INFO - Tmp dir root location: /tmp
[2025-02-19T11:15:35.017+0000] {subprocess.py:88} INFO - Running command: ['/usr/bin/bash', '-c', 'sleep 5']
[2025-02-19T11:15:35.030+0000] {subprocess.py:99} INFO - Output:
[2025-02-19T11:15:40.044+0000] {subprocess.py:110} INFO - Command exited with return code 0
[2025-02-19T11:15:40.104+0000] {taskinstance.py:341} INFO - ::group::Post task execution logs
[2025-02-19T11:15:40.105+0000] {taskinstance.py:353} INFO - Marking task as SUCCESS. dag_id=conditional_dataset_and_time_based_timetable, task_id=conditional_dataset_and_time_based_timetable, run_id=manual__2025-02-19T11:15:27.020098+00:00, execution_date=20250219T111527, start_date=20250219T111533, end_date=20250219T111540
[2025-02-19T11:15:40.164+0000] {logging_mixin.py:190} INFO - Task instance in success state
[2025-02-19T11:15:40.164+0000] {logging_mixin.py:190} INFO -  Previous state of the Task instance: running
[2025-02-19T11:15:40.165+0000] {logging_mixin.py:190} INFO - Dag name:conditional_dataset_and_time_based_timetable queued_at:2025-02-19 11:15:27.087001+00:00
[2025-02-19T11:15:40.165+0000] {logging_mixin.py:190} INFO - Task hostname:3a0c79aa0606 operator:BashOperator
[2025-02-19T11:15:40.201+0000] {local_task_job_runner.py:266} INFO - Task exited with return code 0
[2025-02-19T11:15:40.212+0000] {taskinstance.py:3901} INFO - 0 downstream tasks scheduled from follow-on schedule check
[2025-02-19T11:15:40.213+0000] {local_task_job_runner.py:245} INFO - ::endgroup::
