[2025-02-19T18:04:47.105+0000] {local_task_job_runner.py:123} INFO - ::group::Pre task execution logs
[2025-02-19T18:04:47.165+0000] {taskinstance.py:2614} INFO - Dependencies all met for dep_context=non-requeueable deps ti=<TaskInstance: First_tag_example.first_task scheduled__2025-01-07T00:00:00+00:00 [queued]>
[2025-02-19T18:04:47.246+0000] {taskinstance.py:2614} INFO - Dependencies all met for dep_context=requeueable deps ti=<TaskInstance: First_tag_example.first_task scheduled__2025-01-07T00:00:00+00:00 [queued]>
[2025-02-19T18:04:47.249+0000] {taskinstance.py:2867} INFO - Starting attempt 1 of 6
[2025-02-19T18:04:47.295+0000] {taskinstance.py:2890} INFO - Executing <Task(BashOperator): first_task> on 2025-01-07 00:00:00+00:00
[2025-02-19T18:04:47.308+0000] {warnings.py:112} WARNING - /home/***/.local/lib/python3.12/site-packages/***/task/task_runner/standard_task_runner.py:70: DeprecationWarning: This process (pid=103) is multi-threaded, use of fork() may lead to deadlocks in the child.
  pid = os.fork()

[2025-02-19T18:04:47.332+0000] {standard_task_runner.py:72} INFO - Started process 128 to run task
[2025-02-19T18:04:47.334+0000] {standard_task_runner.py:104} INFO - Running: ['***', 'tasks', 'run', 'First_tag_example', 'first_task', 'scheduled__2025-01-07T00:00:00+00:00', '--job-id', '10', '--raw', '--subdir', 'DAGS_FOLDER/first_dag_example.py', '--cfg-path', '/tmp/tmpmvggnulr']
[2025-02-19T18:04:47.341+0000] {standard_task_runner.py:105} INFO - Job 10: Subtask first_task
[2025-02-19T18:04:47.469+0000] {task_command.py:467} INFO - Running <TaskInstance: First_tag_example.first_task scheduled__2025-01-07T00:00:00+00:00 [running]> on host 4c8bb8eb4736
[2025-02-19T18:04:47.663+0000] {taskinstance.py:3134} INFO - Exporting env vars: AIRFLOW_CTX_DAG_OWNER='goncalo' AIRFLOW_CTX_DAG_ID='First_tag_example' AIRFLOW_CTX_TASK_ID='first_task' AIRFLOW_CTX_EXECUTION_DATE='2025-01-07T00:00:00+00:00' AIRFLOW_CTX_TRY_NUMBER='1' AIRFLOW_CTX_DAG_RUN_ID='scheduled__2025-01-07T00:00:00+00:00'
[2025-02-19T18:04:47.667+0000] {taskinstance.py:732} INFO - ::endgroup::
[2025-02-19T18:04:47.696+0000] {subprocess.py:78} INFO - Tmp dir root location: /tmp
[2025-02-19T18:04:47.697+0000] {subprocess.py:88} INFO - Running command: ['/usr/bin/bash', '-c', 'echo "Hello world!"']
[2025-02-19T18:04:47.723+0000] {subprocess.py:99} INFO - Output:
[2025-02-19T18:04:47.726+0000] {subprocess.py:106} INFO - Hello world!
[2025-02-19T18:04:47.732+0000] {subprocess.py:110} INFO - Command exited with return code 0
[2025-02-19T18:04:47.826+0000] {taskinstance.py:341} INFO - ::group::Post task execution logs
[2025-02-19T18:04:47.827+0000] {taskinstance.py:353} INFO - Marking task as SUCCESS. dag_id=First_tag_example, task_id=first_task, run_id=scheduled__2025-01-07T00:00:00+00:00, execution_date=20250107T000000, start_date=20250219T180447, end_date=20250219T180447
[2025-02-19T18:04:47.964+0000] {local_task_job_runner.py:266} INFO - Task exited with return code 0
[2025-02-19T18:04:47.984+0000] {local_task_job_runner.py:245} INFO - ::endgroup::
