[2025-02-20T09:08:00.133+0000] {processor.py:186} INFO - Started process (PID=6802) to work on /opt/airflow/dags/docker_operator_example.py
[2025-02-20T09:08:00.134+0000] {processor.py:914} INFO - Processing file /opt/airflow/dags/docker_operator_example.py for tasks to queue
[2025-02-20T09:08:00.143+0000] {logging_mixin.py:190} INFO - [2025-02-20T09:08:00.136+0000] {dagbag.py:588} INFO - Filling up the DagBag from /opt/airflow/dags/docker_operator_example.py
[2025-02-20T09:08:00.174+0000] {processor.py:925} INFO - DAG(s) 'test_docker_import' retrieved from /opt/airflow/dags/docker_operator_example.py
[2025-02-20T09:08:00.525+0000] {logging_mixin.py:190} INFO - [2025-02-20T09:08:00.522+0000] {override.py:1912} INFO - Created Permission View: can delete on DAG:test_docker_import
[2025-02-20T09:08:00.533+0000] {logging_mixin.py:190} INFO - [2025-02-20T09:08:00.533+0000] {override.py:1912} INFO - Created Permission View: can edit on DAG:test_docker_import
[2025-02-20T09:08:00.537+0000] {logging_mixin.py:190} INFO - [2025-02-20T09:08:00.537+0000] {override.py:1912} INFO - Created Permission View: can read on DAG:test_docker_import
[2025-02-20T09:08:00.541+0000] {logging_mixin.py:190} INFO - [2025-02-20T09:08:00.541+0000] {override.py:1912} INFO - Created Permission View: can create on DAG Run:test_docker_import
[2025-02-20T09:08:00.544+0000] {logging_mixin.py:190} INFO - [2025-02-20T09:08:00.544+0000] {override.py:1912} INFO - Created Permission View: can delete on DAG Run:test_docker_import
[2025-02-20T09:08:00.548+0000] {logging_mixin.py:190} INFO - [2025-02-20T09:08:00.547+0000] {override.py:1912} INFO - Created Permission View: menu access on DAG Run:test_docker_import
[2025-02-20T09:08:00.551+0000] {logging_mixin.py:190} INFO - [2025-02-20T09:08:00.551+0000] {override.py:1912} INFO - Created Permission View: can read on DAG Run:test_docker_import
[2025-02-20T09:08:00.551+0000] {logging_mixin.py:190} INFO - [2025-02-20T09:08:00.551+0000] {dag.py:3239} INFO - Sync 1 DAGs
[2025-02-20T09:08:00.564+0000] {logging_mixin.py:190} INFO - [2025-02-20T09:08:00.563+0000] {dag.py:3262} INFO - Creating ORM DAG for test_docker_import
[2025-02-20T09:08:00.564+0000] {logging_mixin.py:190} INFO - [2025-02-20T09:08:00.564+0000] {dag.py:4180} INFO - Setting next_dagrun for test_docker_import to None, run_after=None
[2025-02-20T09:08:00.575+0000] {processor.py:208} INFO - Processing /opt/airflow/dags/docker_operator_example.py took 0.456 seconds
[2025-02-20T09:08:30.717+0000] {processor.py:186} INFO - Started process (PID=6812) to work on /opt/airflow/dags/docker_operator_example.py
[2025-02-20T09:08:30.719+0000] {processor.py:914} INFO - Processing file /opt/airflow/dags/docker_operator_example.py for tasks to queue
[2025-02-20T09:08:30.721+0000] {logging_mixin.py:190} INFO - [2025-02-20T09:08:30.721+0000] {dagbag.py:588} INFO - Filling up the DagBag from /opt/airflow/dags/docker_operator_example.py
[2025-02-20T09:08:30.749+0000] {processor.py:925} INFO - DAG(s) 'test_docker_import' retrieved from /opt/airflow/dags/docker_operator_example.py
[2025-02-20T09:08:30.806+0000] {logging_mixin.py:190} INFO - [2025-02-20T09:08:30.806+0000] {dag.py:3239} INFO - Sync 1 DAGs
[2025-02-20T09:08:30.836+0000] {logging_mixin.py:190} INFO - [2025-02-20T09:08:30.836+0000] {dag.py:4180} INFO - Setting next_dagrun for test_docker_import to None, run_after=None
[2025-02-20T09:08:30.851+0000] {processor.py:208} INFO - Processing /opt/airflow/dags/docker_operator_example.py took 0.157 seconds
[2025-02-20T09:09:01.568+0000] {processor.py:186} INFO - Started process (PID=6823) to work on /opt/airflow/dags/docker_operator_example.py
[2025-02-20T09:09:01.574+0000] {processor.py:914} INFO - Processing file /opt/airflow/dags/docker_operator_example.py for tasks to queue
[2025-02-20T09:09:01.579+0000] {logging_mixin.py:190} INFO - [2025-02-20T09:09:01.578+0000] {dagbag.py:588} INFO - Filling up the DagBag from /opt/airflow/dags/docker_operator_example.py
[2025-02-20T09:09:01.612+0000] {processor.py:925} INFO - DAG(s) 'test_docker_import' retrieved from /opt/airflow/dags/docker_operator_example.py
[2025-02-20T09:09:01.698+0000] {logging_mixin.py:190} INFO - [2025-02-20T09:09:01.693+0000] {dag.py:3239} INFO - Sync 1 DAGs
[2025-02-20T09:09:01.735+0000] {logging_mixin.py:190} INFO - [2025-02-20T09:09:01.735+0000] {dag.py:4180} INFO - Setting next_dagrun for test_docker_import to None, run_after=None
[2025-02-20T09:09:01.752+0000] {processor.py:208} INFO - Processing /opt/airflow/dags/docker_operator_example.py took 0.207 seconds
[2025-02-20T09:09:32.450+0000] {processor.py:186} INFO - Started process (PID=6834) to work on /opt/airflow/dags/docker_operator_example.py
[2025-02-20T09:09:32.452+0000] {processor.py:914} INFO - Processing file /opt/airflow/dags/docker_operator_example.py for tasks to queue
[2025-02-20T09:09:32.454+0000] {logging_mixin.py:190} INFO - [2025-02-20T09:09:32.454+0000] {dagbag.py:588} INFO - Filling up the DagBag from /opt/airflow/dags/docker_operator_example.py
[2025-02-20T09:09:32.470+0000] {processor.py:925} INFO - DAG(s) 'test_docker_import' retrieved from /opt/airflow/dags/docker_operator_example.py
[2025-02-20T09:09:32.526+0000] {logging_mixin.py:190} INFO - [2025-02-20T09:09:32.526+0000] {dag.py:3239} INFO - Sync 1 DAGs
[2025-02-20T09:09:32.553+0000] {logging_mixin.py:190} INFO - [2025-02-20T09:09:32.553+0000] {dag.py:4180} INFO - Setting next_dagrun for test_docker_import to None, run_after=None
[2025-02-20T09:09:32.565+0000] {processor.py:208} INFO - Processing /opt/airflow/dags/docker_operator_example.py took 0.128 seconds
[2025-02-20T09:10:03.163+0000] {processor.py:186} INFO - Started process (PID=6845) to work on /opt/airflow/dags/docker_operator_example.py
[2025-02-20T09:10:03.166+0000] {processor.py:914} INFO - Processing file /opt/airflow/dags/docker_operator_example.py for tasks to queue
[2025-02-20T09:10:03.167+0000] {logging_mixin.py:190} INFO - [2025-02-20T09:10:03.167+0000] {dagbag.py:588} INFO - Filling up the DagBag from /opt/airflow/dags/docker_operator_example.py
[2025-02-20T09:10:03.191+0000] {processor.py:925} INFO - DAG(s) 'test_docker_import' retrieved from /opt/airflow/dags/docker_operator_example.py
[2025-02-20T09:10:03.231+0000] {logging_mixin.py:190} INFO - [2025-02-20T09:10:03.230+0000] {dag.py:3239} INFO - Sync 1 DAGs
[2025-02-20T09:10:03.255+0000] {logging_mixin.py:190} INFO - [2025-02-20T09:10:03.255+0000] {dag.py:4180} INFO - Setting next_dagrun for test_docker_import to None, run_after=None
[2025-02-20T09:10:03.272+0000] {processor.py:208} INFO - Processing /opt/airflow/dags/docker_operator_example.py took 0.129 seconds
[2025-02-20T09:10:33.865+0000] {processor.py:186} INFO - Started process (PID=6856) to work on /opt/airflow/dags/docker_operator_example.py
[2025-02-20T09:10:33.866+0000] {processor.py:914} INFO - Processing file /opt/airflow/dags/docker_operator_example.py for tasks to queue
[2025-02-20T09:10:33.868+0000] {logging_mixin.py:190} INFO - [2025-02-20T09:10:33.867+0000] {dagbag.py:588} INFO - Filling up the DagBag from /opt/airflow/dags/docker_operator_example.py
[2025-02-20T09:10:33.891+0000] {processor.py:925} INFO - DAG(s) 'test_docker_import' retrieved from /opt/airflow/dags/docker_operator_example.py
[2025-02-20T09:10:33.916+0000] {logging_mixin.py:190} INFO - [2025-02-20T09:10:33.916+0000] {dag.py:3239} INFO - Sync 1 DAGs
[2025-02-20T09:10:33.934+0000] {logging_mixin.py:190} INFO - [2025-02-20T09:10:33.933+0000] {dag.py:4180} INFO - Setting next_dagrun for test_docker_import to None, run_after=None
[2025-02-20T09:10:33.951+0000] {processor.py:208} INFO - Processing /opt/airflow/dags/docker_operator_example.py took 0.101 seconds
[2025-02-20T09:11:04.431+0000] {processor.py:186} INFO - Started process (PID=6867) to work on /opt/airflow/dags/docker_operator_example.py
[2025-02-20T09:11:04.435+0000] {processor.py:914} INFO - Processing file /opt/airflow/dags/docker_operator_example.py for tasks to queue
[2025-02-20T09:11:04.437+0000] {logging_mixin.py:190} INFO - [2025-02-20T09:11:04.436+0000] {dagbag.py:588} INFO - Filling up the DagBag from /opt/airflow/dags/docker_operator_example.py
[2025-02-20T09:11:04.454+0000] {processor.py:925} INFO - DAG(s) 'test_docker_import' retrieved from /opt/airflow/dags/docker_operator_example.py
[2025-02-20T09:11:04.505+0000] {logging_mixin.py:190} INFO - [2025-02-20T09:11:04.505+0000] {dag.py:3239} INFO - Sync 1 DAGs
[2025-02-20T09:11:04.525+0000] {logging_mixin.py:190} INFO - [2025-02-20T09:11:04.525+0000] {dag.py:4180} INFO - Setting next_dagrun for test_docker_import to None, run_after=None
[2025-02-20T09:11:04.540+0000] {processor.py:208} INFO - Processing /opt/airflow/dags/docker_operator_example.py took 0.117 seconds
[2025-02-20T09:11:35.096+0000] {processor.py:186} INFO - Started process (PID=6878) to work on /opt/airflow/dags/docker_operator_example.py
[2025-02-20T09:11:35.098+0000] {processor.py:914} INFO - Processing file /opt/airflow/dags/docker_operator_example.py for tasks to queue
[2025-02-20T09:11:35.100+0000] {logging_mixin.py:190} INFO - [2025-02-20T09:11:35.099+0000] {dagbag.py:588} INFO - Filling up the DagBag from /opt/airflow/dags/docker_operator_example.py
[2025-02-20T09:11:35.142+0000] {processor.py:925} INFO - DAG(s) 'test_docker_import' retrieved from /opt/airflow/dags/docker_operator_example.py
[2025-02-20T09:11:35.202+0000] {logging_mixin.py:190} INFO - [2025-02-20T09:11:35.201+0000] {dag.py:3239} INFO - Sync 1 DAGs
[2025-02-20T09:11:35.236+0000] {logging_mixin.py:190} INFO - [2025-02-20T09:11:35.235+0000] {dag.py:4180} INFO - Setting next_dagrun for test_docker_import to None, run_after=None
[2025-02-20T09:11:35.250+0000] {processor.py:208} INFO - Processing /opt/airflow/dags/docker_operator_example.py took 0.170 seconds
[2025-02-20T09:12:05.593+0000] {processor.py:186} INFO - Started process (PID=6889) to work on /opt/airflow/dags/docker_operator_example.py
[2025-02-20T09:12:05.596+0000] {processor.py:914} INFO - Processing file /opt/airflow/dags/docker_operator_example.py for tasks to queue
[2025-02-20T09:12:05.598+0000] {logging_mixin.py:190} INFO - [2025-02-20T09:12:05.598+0000] {dagbag.py:588} INFO - Filling up the DagBag from /opt/airflow/dags/docker_operator_example.py
[2025-02-20T09:12:05.626+0000] {processor.py:925} INFO - DAG(s) 'test_docker_import' retrieved from /opt/airflow/dags/docker_operator_example.py
[2025-02-20T09:12:05.686+0000] {logging_mixin.py:190} INFO - [2025-02-20T09:12:05.685+0000] {dag.py:3239} INFO - Sync 1 DAGs
[2025-02-20T09:12:05.714+0000] {logging_mixin.py:190} INFO - [2025-02-20T09:12:05.714+0000] {dag.py:4180} INFO - Setting next_dagrun for test_docker_import to None, run_after=None
[2025-02-20T09:12:05.730+0000] {processor.py:208} INFO - Processing /opt/airflow/dags/docker_operator_example.py took 0.158 seconds
[2025-02-20T09:12:36.217+0000] {processor.py:186} INFO - Started process (PID=6900) to work on /opt/airflow/dags/docker_operator_example.py
[2025-02-20T09:12:36.219+0000] {processor.py:914} INFO - Processing file /opt/airflow/dags/docker_operator_example.py for tasks to queue
[2025-02-20T09:12:36.221+0000] {logging_mixin.py:190} INFO - [2025-02-20T09:12:36.221+0000] {dagbag.py:588} INFO - Filling up the DagBag from /opt/airflow/dags/docker_operator_example.py
[2025-02-20T09:12:36.245+0000] {processor.py:925} INFO - DAG(s) 'test_docker_import' retrieved from /opt/airflow/dags/docker_operator_example.py
[2025-02-20T09:12:36.304+0000] {logging_mixin.py:190} INFO - [2025-02-20T09:12:36.303+0000] {dag.py:3239} INFO - Sync 1 DAGs
[2025-02-20T09:12:36.326+0000] {logging_mixin.py:190} INFO - [2025-02-20T09:12:36.325+0000] {dag.py:4180} INFO - Setting next_dagrun for test_docker_import to None, run_after=None
[2025-02-20T09:12:36.340+0000] {processor.py:208} INFO - Processing /opt/airflow/dags/docker_operator_example.py took 0.136 seconds
[2025-02-20T09:13:06.813+0000] {processor.py:186} INFO - Started process (PID=6911) to work on /opt/airflow/dags/docker_operator_example.py
[2025-02-20T09:13:06.815+0000] {processor.py:914} INFO - Processing file /opt/airflow/dags/docker_operator_example.py for tasks to queue
[2025-02-20T09:13:06.817+0000] {logging_mixin.py:190} INFO - [2025-02-20T09:13:06.816+0000] {dagbag.py:588} INFO - Filling up the DagBag from /opt/airflow/dags/docker_operator_example.py
[2025-02-20T09:13:06.838+0000] {processor.py:925} INFO - DAG(s) 'test_docker_import' retrieved from /opt/airflow/dags/docker_operator_example.py
[2025-02-20T09:13:06.881+0000] {logging_mixin.py:190} INFO - [2025-02-20T09:13:06.880+0000] {dag.py:3239} INFO - Sync 1 DAGs
[2025-02-20T09:13:06.897+0000] {logging_mixin.py:190} INFO - [2025-02-20T09:13:06.897+0000] {dag.py:4180} INFO - Setting next_dagrun for test_docker_import to None, run_after=None
[2025-02-20T09:13:06.921+0000] {processor.py:208} INFO - Processing /opt/airflow/dags/docker_operator_example.py took 0.119 seconds
[2025-02-20T09:13:37.494+0000] {processor.py:186} INFO - Started process (PID=6922) to work on /opt/airflow/dags/docker_operator_example.py
[2025-02-20T09:13:37.498+0000] {processor.py:914} INFO - Processing file /opt/airflow/dags/docker_operator_example.py for tasks to queue
[2025-02-20T09:13:37.501+0000] {logging_mixin.py:190} INFO - [2025-02-20T09:13:37.500+0000] {dagbag.py:588} INFO - Filling up the DagBag from /opt/airflow/dags/docker_operator_example.py
[2025-02-20T09:13:37.534+0000] {processor.py:925} INFO - DAG(s) 'test_docker_import' retrieved from /opt/airflow/dags/docker_operator_example.py
[2025-02-20T09:13:37.589+0000] {logging_mixin.py:190} INFO - [2025-02-20T09:13:37.589+0000] {dag.py:3239} INFO - Sync 1 DAGs
[2025-02-20T09:13:37.618+0000] {logging_mixin.py:190} INFO - [2025-02-20T09:13:37.618+0000] {dag.py:4180} INFO - Setting next_dagrun for test_docker_import to None, run_after=None
[2025-02-20T09:13:37.634+0000] {processor.py:208} INFO - Processing /opt/airflow/dags/docker_operator_example.py took 0.157 seconds
[2025-02-20T09:14:07.714+0000] {processor.py:186} INFO - Started process (PID=6933) to work on /opt/airflow/dags/docker_operator_example.py
[2025-02-20T09:14:07.719+0000] {processor.py:914} INFO - Processing file /opt/airflow/dags/docker_operator_example.py for tasks to queue
[2025-02-20T09:14:07.721+0000] {logging_mixin.py:190} INFO - [2025-02-20T09:14:07.720+0000] {dagbag.py:588} INFO - Filling up the DagBag from /opt/airflow/dags/docker_operator_example.py
[2025-02-20T09:14:07.742+0000] {processor.py:925} INFO - DAG(s) 'test_docker_import' retrieved from /opt/airflow/dags/docker_operator_example.py
[2025-02-20T09:14:07.809+0000] {logging_mixin.py:190} INFO - [2025-02-20T09:14:07.809+0000] {dag.py:3239} INFO - Sync 1 DAGs
[2025-02-20T09:14:07.844+0000] {logging_mixin.py:190} INFO - [2025-02-20T09:14:07.844+0000] {dag.py:4180} INFO - Setting next_dagrun for test_docker_import to None, run_after=None
[2025-02-20T09:14:07.864+0000] {processor.py:208} INFO - Processing /opt/airflow/dags/docker_operator_example.py took 0.167 seconds
[2025-02-20T09:14:38.700+0000] {processor.py:186} INFO - Started process (PID=6944) to work on /opt/airflow/dags/docker_operator_example.py
[2025-02-20T09:14:38.703+0000] {processor.py:914} INFO - Processing file /opt/airflow/dags/docker_operator_example.py for tasks to queue
[2025-02-20T09:14:38.705+0000] {logging_mixin.py:190} INFO - [2025-02-20T09:14:38.704+0000] {dagbag.py:588} INFO - Filling up the DagBag from /opt/airflow/dags/docker_operator_example.py
[2025-02-20T09:14:38.734+0000] {processor.py:925} INFO - DAG(s) 'test_docker_import' retrieved from /opt/airflow/dags/docker_operator_example.py
[2025-02-20T09:14:38.787+0000] {logging_mixin.py:190} INFO - [2025-02-20T09:14:38.787+0000] {dag.py:3239} INFO - Sync 1 DAGs
[2025-02-20T09:14:38.819+0000] {logging_mixin.py:190} INFO - [2025-02-20T09:14:38.819+0000] {dag.py:4180} INFO - Setting next_dagrun for test_docker_import to None, run_after=None
[2025-02-20T09:14:38.837+0000] {processor.py:208} INFO - Processing /opt/airflow/dags/docker_operator_example.py took 0.156 seconds
[2025-02-20T09:15:09.401+0000] {processor.py:186} INFO - Started process (PID=6961) to work on /opt/airflow/dags/docker_operator_example.py
[2025-02-20T09:15:09.404+0000] {processor.py:914} INFO - Processing file /opt/airflow/dags/docker_operator_example.py for tasks to queue
[2025-02-20T09:15:09.406+0000] {logging_mixin.py:190} INFO - [2025-02-20T09:15:09.405+0000] {dagbag.py:588} INFO - Filling up the DagBag from /opt/airflow/dags/docker_operator_example.py
[2025-02-20T09:15:09.435+0000] {processor.py:925} INFO - DAG(s) 'test_docker_import' retrieved from /opt/airflow/dags/docker_operator_example.py
[2025-02-20T09:15:09.491+0000] {logging_mixin.py:190} INFO - [2025-02-20T09:15:09.491+0000] {dag.py:3239} INFO - Sync 1 DAGs
[2025-02-20T09:15:09.529+0000] {logging_mixin.py:190} INFO - [2025-02-20T09:15:09.529+0000] {dag.py:4180} INFO - Setting next_dagrun for test_docker_import to None, run_after=None
[2025-02-20T09:15:09.645+0000] {processor.py:208} INFO - Processing /opt/airflow/dags/docker_operator_example.py took 0.261 seconds
[2025-02-20T09:15:40.109+0000] {processor.py:186} INFO - Started process (PID=6972) to work on /opt/airflow/dags/docker_operator_example.py
[2025-02-20T09:15:40.114+0000] {processor.py:914} INFO - Processing file /opt/airflow/dags/docker_operator_example.py for tasks to queue
[2025-02-20T09:15:40.119+0000] {logging_mixin.py:190} INFO - [2025-02-20T09:15:40.116+0000] {dagbag.py:588} INFO - Filling up the DagBag from /opt/airflow/dags/docker_operator_example.py
[2025-02-20T09:15:40.140+0000] {processor.py:925} INFO - DAG(s) 'test_docker_import' retrieved from /opt/airflow/dags/docker_operator_example.py
[2025-02-20T09:15:40.352+0000] {logging_mixin.py:190} INFO - [2025-02-20T09:15:40.352+0000] {dag.py:3239} INFO - Sync 1 DAGs
[2025-02-20T09:15:40.378+0000] {logging_mixin.py:190} INFO - [2025-02-20T09:15:40.377+0000] {dag.py:4180} INFO - Setting next_dagrun for test_docker_import to None, run_after=None
[2025-02-20T09:15:40.396+0000] {processor.py:208} INFO - Processing /opt/airflow/dags/docker_operator_example.py took 0.304 seconds
[2025-02-20T09:16:10.763+0000] {processor.py:186} INFO - Started process (PID=6983) to work on /opt/airflow/dags/docker_operator_example.py
[2025-02-20T09:16:10.766+0000] {processor.py:914} INFO - Processing file /opt/airflow/dags/docker_operator_example.py for tasks to queue
[2025-02-20T09:16:10.768+0000] {logging_mixin.py:190} INFO - [2025-02-20T09:16:10.767+0000] {dagbag.py:588} INFO - Filling up the DagBag from /opt/airflow/dags/docker_operator_example.py
[2025-02-20T09:16:10.792+0000] {processor.py:925} INFO - DAG(s) 'test_docker_import' retrieved from /opt/airflow/dags/docker_operator_example.py
[2025-02-20T09:16:10.859+0000] {logging_mixin.py:190} INFO - [2025-02-20T09:16:10.859+0000] {dag.py:3239} INFO - Sync 1 DAGs
[2025-02-20T09:16:10.904+0000] {logging_mixin.py:190} INFO - [2025-02-20T09:16:10.904+0000] {dag.py:4180} INFO - Setting next_dagrun for test_docker_import to None, run_after=None
[2025-02-20T09:16:10.922+0000] {processor.py:208} INFO - Processing /opt/airflow/dags/docker_operator_example.py took 0.173 seconds
[2025-02-20T09:16:41.384+0000] {processor.py:186} INFO - Started process (PID=6994) to work on /opt/airflow/dags/docker_operator_example.py
[2025-02-20T09:16:41.385+0000] {processor.py:914} INFO - Processing file /opt/airflow/dags/docker_operator_example.py for tasks to queue
[2025-02-20T09:16:41.387+0000] {logging_mixin.py:190} INFO - [2025-02-20T09:16:41.386+0000] {dagbag.py:588} INFO - Filling up the DagBag from /opt/airflow/dags/docker_operator_example.py
[2025-02-20T09:16:41.406+0000] {processor.py:925} INFO - DAG(s) 'test_docker_import' retrieved from /opt/airflow/dags/docker_operator_example.py
[2025-02-20T09:16:41.430+0000] {logging_mixin.py:190} INFO - [2025-02-20T09:16:41.430+0000] {dag.py:3239} INFO - Sync 1 DAGs
[2025-02-20T09:16:41.442+0000] {logging_mixin.py:190} INFO - [2025-02-20T09:16:41.442+0000] {dag.py:4180} INFO - Setting next_dagrun for test_docker_import to None, run_after=None
[2025-02-20T09:16:41.454+0000] {processor.py:208} INFO - Processing /opt/airflow/dags/docker_operator_example.py took 0.084 seconds
[2025-02-20T09:17:11.945+0000] {processor.py:186} INFO - Started process (PID=7005) to work on /opt/airflow/dags/docker_operator_example.py
[2025-02-20T09:17:11.953+0000] {processor.py:914} INFO - Processing file /opt/airflow/dags/docker_operator_example.py for tasks to queue
[2025-02-20T09:17:11.955+0000] {logging_mixin.py:190} INFO - [2025-02-20T09:17:11.954+0000] {dagbag.py:588} INFO - Filling up the DagBag from /opt/airflow/dags/docker_operator_example.py
[2025-02-20T09:17:11.975+0000] {processor.py:925} INFO - DAG(s) 'test_docker_import' retrieved from /opt/airflow/dags/docker_operator_example.py
[2025-02-20T09:17:12.042+0000] {logging_mixin.py:190} INFO - [2025-02-20T09:17:12.041+0000] {dag.py:3239} INFO - Sync 1 DAGs
[2025-02-20T09:17:12.068+0000] {logging_mixin.py:190} INFO - [2025-02-20T09:17:12.068+0000] {dag.py:4180} INFO - Setting next_dagrun for test_docker_import to None, run_after=None
[2025-02-20T09:17:12.103+0000] {processor.py:208} INFO - Processing /opt/airflow/dags/docker_operator_example.py took 0.185 seconds
[2025-02-20T09:17:42.551+0000] {processor.py:186} INFO - Started process (PID=7015) to work on /opt/airflow/dags/docker_operator_example.py
[2025-02-20T09:17:42.555+0000] {processor.py:914} INFO - Processing file /opt/airflow/dags/docker_operator_example.py for tasks to queue
[2025-02-20T09:17:42.556+0000] {logging_mixin.py:190} INFO - [2025-02-20T09:17:42.556+0000] {dagbag.py:588} INFO - Filling up the DagBag from /opt/airflow/dags/docker_operator_example.py
[2025-02-20T09:17:42.563+0000] {processor.py:925} INFO - DAG(s) 'test_docker_import' retrieved from /opt/airflow/dags/docker_operator_example.py
[2025-02-20T09:17:42.586+0000] {logging_mixin.py:190} INFO - [2025-02-20T09:17:42.586+0000] {dag.py:3239} INFO - Sync 1 DAGs
[2025-02-20T09:17:42.596+0000] {logging_mixin.py:190} INFO - [2025-02-20T09:17:42.596+0000] {dag.py:4180} INFO - Setting next_dagrun for test_docker_import to None, run_after=None
[2025-02-20T09:17:42.607+0000] {processor.py:208} INFO - Processing /opt/airflow/dags/docker_operator_example.py took 0.077 seconds
[2025-02-20T09:18:13.065+0000] {processor.py:186} INFO - Started process (PID=7026) to work on /opt/airflow/dags/docker_operator_example.py
[2025-02-20T09:18:13.067+0000] {processor.py:914} INFO - Processing file /opt/airflow/dags/docker_operator_example.py for tasks to queue
[2025-02-20T09:18:13.070+0000] {logging_mixin.py:190} INFO - [2025-02-20T09:18:13.070+0000] {dagbag.py:588} INFO - Filling up the DagBag from /opt/airflow/dags/docker_operator_example.py
[2025-02-20T09:18:13.093+0000] {processor.py:925} INFO - DAG(s) 'test_docker_import' retrieved from /opt/airflow/dags/docker_operator_example.py
[2025-02-20T09:18:13.132+0000] {logging_mixin.py:190} INFO - [2025-02-20T09:18:13.131+0000] {dag.py:3239} INFO - Sync 1 DAGs
[2025-02-20T09:18:13.149+0000] {logging_mixin.py:190} INFO - [2025-02-20T09:18:13.149+0000] {dag.py:4180} INFO - Setting next_dagrun for test_docker_import to None, run_after=None
[2025-02-20T09:18:13.161+0000] {processor.py:208} INFO - Processing /opt/airflow/dags/docker_operator_example.py took 0.117 seconds
[2025-02-20T09:18:43.533+0000] {processor.py:186} INFO - Started process (PID=7037) to work on /opt/airflow/dags/docker_operator_example.py
[2025-02-20T09:18:43.534+0000] {processor.py:914} INFO - Processing file /opt/airflow/dags/docker_operator_example.py for tasks to queue
[2025-02-20T09:18:43.535+0000] {logging_mixin.py:190} INFO - [2025-02-20T09:18:43.535+0000] {dagbag.py:588} INFO - Filling up the DagBag from /opt/airflow/dags/docker_operator_example.py
[2025-02-20T09:18:43.544+0000] {processor.py:925} INFO - DAG(s) 'test_docker_import' retrieved from /opt/airflow/dags/docker_operator_example.py
[2025-02-20T09:18:43.574+0000] {logging_mixin.py:190} INFO - [2025-02-20T09:18:43.574+0000] {dag.py:3239} INFO - Sync 1 DAGs
[2025-02-20T09:18:43.590+0000] {logging_mixin.py:190} INFO - [2025-02-20T09:18:43.590+0000] {dag.py:4180} INFO - Setting next_dagrun for test_docker_import to None, run_after=None
[2025-02-20T09:18:43.602+0000] {processor.py:208} INFO - Processing /opt/airflow/dags/docker_operator_example.py took 0.077 seconds
[2025-02-20T09:19:14.008+0000] {processor.py:186} INFO - Started process (PID=7048) to work on /opt/airflow/dags/docker_operator_example.py
[2025-02-20T09:19:14.010+0000] {processor.py:914} INFO - Processing file /opt/airflow/dags/docker_operator_example.py for tasks to queue
[2025-02-20T09:19:14.011+0000] {logging_mixin.py:190} INFO - [2025-02-20T09:19:14.010+0000] {dagbag.py:588} INFO - Filling up the DagBag from /opt/airflow/dags/docker_operator_example.py
[2025-02-20T09:19:14.022+0000] {processor.py:925} INFO - DAG(s) 'test_docker_import' retrieved from /opt/airflow/dags/docker_operator_example.py
[2025-02-20T09:19:14.051+0000] {logging_mixin.py:190} INFO - [2025-02-20T09:19:14.051+0000] {dag.py:3239} INFO - Sync 1 DAGs
[2025-02-20T09:19:14.063+0000] {logging_mixin.py:190} INFO - [2025-02-20T09:19:14.063+0000] {dag.py:4180} INFO - Setting next_dagrun for test_docker_import to None, run_after=None
[2025-02-20T09:19:14.076+0000] {processor.py:208} INFO - Processing /opt/airflow/dags/docker_operator_example.py took 0.077 seconds
[2025-02-20T09:19:44.836+0000] {processor.py:186} INFO - Started process (PID=7059) to work on /opt/airflow/dags/docker_operator_example.py
[2025-02-20T09:19:44.839+0000] {processor.py:914} INFO - Processing file /opt/airflow/dags/docker_operator_example.py for tasks to queue
[2025-02-20T09:19:44.841+0000] {logging_mixin.py:190} INFO - [2025-02-20T09:19:44.841+0000] {dagbag.py:588} INFO - Filling up the DagBag from /opt/airflow/dags/docker_operator_example.py
[2025-02-20T09:19:44.866+0000] {processor.py:925} INFO - DAG(s) 'test_docker_import' retrieved from /opt/airflow/dags/docker_operator_example.py
[2025-02-20T09:19:44.907+0000] {logging_mixin.py:190} INFO - [2025-02-20T09:19:44.907+0000] {dag.py:3239} INFO - Sync 1 DAGs
[2025-02-20T09:19:44.936+0000] {logging_mixin.py:190} INFO - [2025-02-20T09:19:44.936+0000] {dag.py:4180} INFO - Setting next_dagrun for test_docker_import to None, run_after=None
[2025-02-20T09:19:44.951+0000] {processor.py:208} INFO - Processing /opt/airflow/dags/docker_operator_example.py took 0.129 seconds
[2025-02-20T09:20:15.353+0000] {processor.py:186} INFO - Started process (PID=7070) to work on /opt/airflow/dags/docker_operator_example.py
[2025-02-20T09:20:15.355+0000] {processor.py:914} INFO - Processing file /opt/airflow/dags/docker_operator_example.py for tasks to queue
[2025-02-20T09:20:15.360+0000] {logging_mixin.py:190} INFO - [2025-02-20T09:20:15.358+0000] {dagbag.py:588} INFO - Filling up the DagBag from /opt/airflow/dags/docker_operator_example.py
[2025-02-20T09:20:15.373+0000] {processor.py:925} INFO - DAG(s) 'test_docker_import' retrieved from /opt/airflow/dags/docker_operator_example.py
[2025-02-20T09:20:15.415+0000] {logging_mixin.py:190} INFO - [2025-02-20T09:20:15.415+0000] {dag.py:3239} INFO - Sync 1 DAGs
[2025-02-20T09:20:15.430+0000] {logging_mixin.py:190} INFO - [2025-02-20T09:20:15.430+0000] {dag.py:4180} INFO - Setting next_dagrun for test_docker_import to None, run_after=None
[2025-02-20T09:20:15.441+0000] {processor.py:208} INFO - Processing /opt/airflow/dags/docker_operator_example.py took 0.096 seconds
[2025-02-20T09:20:45.872+0000] {processor.py:186} INFO - Started process (PID=7081) to work on /opt/airflow/dags/docker_operator_example.py
[2025-02-20T09:20:45.874+0000] {processor.py:914} INFO - Processing file /opt/airflow/dags/docker_operator_example.py for tasks to queue
[2025-02-20T09:20:45.876+0000] {logging_mixin.py:190} INFO - [2025-02-20T09:20:45.875+0000] {dagbag.py:588} INFO - Filling up the DagBag from /opt/airflow/dags/docker_operator_example.py
[2025-02-20T09:20:45.895+0000] {processor.py:925} INFO - DAG(s) 'test_docker_import' retrieved from /opt/airflow/dags/docker_operator_example.py
[2025-02-20T09:20:45.950+0000] {logging_mixin.py:190} INFO - [2025-02-20T09:20:45.950+0000] {dag.py:3239} INFO - Sync 1 DAGs
[2025-02-20T09:20:45.972+0000] {logging_mixin.py:190} INFO - [2025-02-20T09:20:45.972+0000] {dag.py:4180} INFO - Setting next_dagrun for test_docker_import to None, run_after=None
[2025-02-20T09:20:45.988+0000] {processor.py:208} INFO - Processing /opt/airflow/dags/docker_operator_example.py took 0.132 seconds
[2025-02-20T09:21:16.362+0000] {processor.py:186} INFO - Started process (PID=7092) to work on /opt/airflow/dags/docker_operator_example.py
[2025-02-20T09:21:16.364+0000] {processor.py:914} INFO - Processing file /opt/airflow/dags/docker_operator_example.py for tasks to queue
[2025-02-20T09:21:16.366+0000] {logging_mixin.py:190} INFO - [2025-02-20T09:21:16.365+0000] {dagbag.py:588} INFO - Filling up the DagBag from /opt/airflow/dags/docker_operator_example.py
[2025-02-20T09:21:16.373+0000] {processor.py:925} INFO - DAG(s) 'test_docker_import' retrieved from /opt/airflow/dags/docker_operator_example.py
[2025-02-20T09:21:16.401+0000] {logging_mixin.py:190} INFO - [2025-02-20T09:21:16.401+0000] {dag.py:3239} INFO - Sync 1 DAGs
[2025-02-20T09:21:16.414+0000] {logging_mixin.py:190} INFO - [2025-02-20T09:21:16.414+0000] {dag.py:4180} INFO - Setting next_dagrun for test_docker_import to None, run_after=None
[2025-02-20T09:21:16.424+0000] {processor.py:208} INFO - Processing /opt/airflow/dags/docker_operator_example.py took 0.067 seconds
[2025-02-20T09:21:46.819+0000] {processor.py:186} INFO - Started process (PID=7103) to work on /opt/airflow/dags/docker_operator_example.py
[2025-02-20T09:21:46.822+0000] {processor.py:914} INFO - Processing file /opt/airflow/dags/docker_operator_example.py for tasks to queue
[2025-02-20T09:21:46.823+0000] {logging_mixin.py:190} INFO - [2025-02-20T09:21:46.823+0000] {dagbag.py:588} INFO - Filling up the DagBag from /opt/airflow/dags/docker_operator_example.py
[2025-02-20T09:21:46.843+0000] {processor.py:925} INFO - DAG(s) 'test_docker_import' retrieved from /opt/airflow/dags/docker_operator_example.py
[2025-02-20T09:21:46.891+0000] {logging_mixin.py:190} INFO - [2025-02-20T09:21:46.891+0000] {dag.py:3239} INFO - Sync 1 DAGs
[2025-02-20T09:21:46.916+0000] {logging_mixin.py:190} INFO - [2025-02-20T09:21:46.915+0000] {dag.py:4180} INFO - Setting next_dagrun for test_docker_import to None, run_after=None
[2025-02-20T09:21:46.929+0000] {processor.py:208} INFO - Processing /opt/airflow/dags/docker_operator_example.py took 0.128 seconds
[2025-02-20T09:22:17.248+0000] {processor.py:186} INFO - Started process (PID=7114) to work on /opt/airflow/dags/docker_operator_example.py
[2025-02-20T09:22:17.249+0000] {processor.py:914} INFO - Processing file /opt/airflow/dags/docker_operator_example.py for tasks to queue
[2025-02-20T09:22:17.250+0000] {logging_mixin.py:190} INFO - [2025-02-20T09:22:17.250+0000] {dagbag.py:588} INFO - Filling up the DagBag from /opt/airflow/dags/docker_operator_example.py
[2025-02-20T09:22:17.260+0000] {processor.py:925} INFO - DAG(s) 'test_docker_import' retrieved from /opt/airflow/dags/docker_operator_example.py
[2025-02-20T09:22:17.286+0000] {logging_mixin.py:190} INFO - [2025-02-20T09:22:17.285+0000] {dag.py:3239} INFO - Sync 1 DAGs
[2025-02-20T09:22:17.297+0000] {logging_mixin.py:190} INFO - [2025-02-20T09:22:17.297+0000] {dag.py:4180} INFO - Setting next_dagrun for test_docker_import to None, run_after=None
[2025-02-20T09:22:17.308+0000] {processor.py:208} INFO - Processing /opt/airflow/dags/docker_operator_example.py took 0.067 seconds
[2025-02-20T09:22:47.762+0000] {processor.py:186} INFO - Started process (PID=7125) to work on /opt/airflow/dags/docker_operator_example.py
[2025-02-20T09:22:47.764+0000] {processor.py:914} INFO - Processing file /opt/airflow/dags/docker_operator_example.py for tasks to queue
[2025-02-20T09:22:47.768+0000] {logging_mixin.py:190} INFO - [2025-02-20T09:22:47.768+0000] {dagbag.py:588} INFO - Filling up the DagBag from /opt/airflow/dags/docker_operator_example.py
[2025-02-20T09:22:47.778+0000] {processor.py:925} INFO - DAG(s) 'test_docker_import' retrieved from /opt/airflow/dags/docker_operator_example.py
[2025-02-20T09:22:47.804+0000] {logging_mixin.py:190} INFO - [2025-02-20T09:22:47.804+0000] {dag.py:3239} INFO - Sync 1 DAGs
[2025-02-20T09:22:47.817+0000] {logging_mixin.py:190} INFO - [2025-02-20T09:22:47.817+0000] {dag.py:4180} INFO - Setting next_dagrun for test_docker_import to None, run_after=None
[2025-02-20T09:22:47.827+0000] {processor.py:208} INFO - Processing /opt/airflow/dags/docker_operator_example.py took 0.092 seconds
[2025-02-20T09:23:18.397+0000] {processor.py:186} INFO - Started process (PID=7136) to work on /opt/airflow/dags/docker_operator_example.py
[2025-02-20T09:23:18.398+0000] {processor.py:914} INFO - Processing file /opt/airflow/dags/docker_operator_example.py for tasks to queue
[2025-02-20T09:23:18.400+0000] {logging_mixin.py:190} INFO - [2025-02-20T09:23:18.399+0000] {dagbag.py:588} INFO - Filling up the DagBag from /opt/airflow/dags/docker_operator_example.py
[2025-02-20T09:23:18.408+0000] {processor.py:925} INFO - DAG(s) 'test_docker_import' retrieved from /opt/airflow/dags/docker_operator_example.py
[2025-02-20T09:23:18.431+0000] {logging_mixin.py:190} INFO - [2025-02-20T09:23:18.431+0000] {dag.py:3239} INFO - Sync 1 DAGs
[2025-02-20T09:23:18.443+0000] {logging_mixin.py:190} INFO - [2025-02-20T09:23:18.443+0000] {dag.py:4180} INFO - Setting next_dagrun for test_docker_import to None, run_after=None
[2025-02-20T09:23:18.459+0000] {processor.py:208} INFO - Processing /opt/airflow/dags/docker_operator_example.py took 0.069 seconds
[2025-02-20T09:23:48.878+0000] {processor.py:186} INFO - Started process (PID=7147) to work on /opt/airflow/dags/docker_operator_example.py
[2025-02-20T09:23:48.880+0000] {processor.py:914} INFO - Processing file /opt/airflow/dags/docker_operator_example.py for tasks to queue
[2025-02-20T09:23:48.882+0000] {logging_mixin.py:190} INFO - [2025-02-20T09:23:48.881+0000] {dagbag.py:588} INFO - Filling up the DagBag from /opt/airflow/dags/docker_operator_example.py
[2025-02-20T09:23:48.900+0000] {processor.py:925} INFO - DAG(s) 'test_docker_import' retrieved from /opt/airflow/dags/docker_operator_example.py
[2025-02-20T09:23:48.942+0000] {logging_mixin.py:190} INFO - [2025-02-20T09:23:48.942+0000] {dag.py:3239} INFO - Sync 1 DAGs
[2025-02-20T09:23:48.970+0000] {logging_mixin.py:190} INFO - [2025-02-20T09:23:48.970+0000] {dag.py:4180} INFO - Setting next_dagrun for test_docker_import to None, run_after=None
[2025-02-20T09:23:48.983+0000] {processor.py:208} INFO - Processing /opt/airflow/dags/docker_operator_example.py took 0.114 seconds
[2025-02-20T09:24:19.319+0000] {processor.py:186} INFO - Started process (PID=7158) to work on /opt/airflow/dags/docker_operator_example.py
[2025-02-20T09:24:19.321+0000] {processor.py:914} INFO - Processing file /opt/airflow/dags/docker_operator_example.py for tasks to queue
[2025-02-20T09:24:19.324+0000] {logging_mixin.py:190} INFO - [2025-02-20T09:24:19.323+0000] {dagbag.py:588} INFO - Filling up the DagBag from /opt/airflow/dags/docker_operator_example.py
[2025-02-20T09:24:19.343+0000] {processor.py:925} INFO - DAG(s) 'test_docker_import' retrieved from /opt/airflow/dags/docker_operator_example.py
[2025-02-20T09:24:19.389+0000] {logging_mixin.py:190} INFO - [2025-02-20T09:24:19.388+0000] {dag.py:3239} INFO - Sync 1 DAGs
[2025-02-20T09:24:19.409+0000] {logging_mixin.py:190} INFO - [2025-02-20T09:24:19.409+0000] {dag.py:4180} INFO - Setting next_dagrun for test_docker_import to None, run_after=None
[2025-02-20T09:24:19.433+0000] {processor.py:208} INFO - Processing /opt/airflow/dags/docker_operator_example.py took 0.131 seconds
[2025-02-20T09:24:49.909+0000] {processor.py:186} INFO - Started process (PID=7169) to work on /opt/airflow/dags/docker_operator_example.py
[2025-02-20T09:24:49.914+0000] {processor.py:914} INFO - Processing file /opt/airflow/dags/docker_operator_example.py for tasks to queue
[2025-02-20T09:24:49.918+0000] {logging_mixin.py:190} INFO - [2025-02-20T09:24:49.917+0000] {dagbag.py:588} INFO - Filling up the DagBag from /opt/airflow/dags/docker_operator_example.py
[2025-02-20T09:24:49.949+0000] {processor.py:925} INFO - DAG(s) 'test_docker_import' retrieved from /opt/airflow/dags/docker_operator_example.py
[2025-02-20T09:24:50.041+0000] {logging_mixin.py:190} INFO - [2025-02-20T09:24:50.040+0000] {dag.py:3239} INFO - Sync 1 DAGs
[2025-02-20T09:24:50.088+0000] {logging_mixin.py:190} INFO - [2025-02-20T09:24:50.087+0000] {dag.py:4180} INFO - Setting next_dagrun for test_docker_import to None, run_after=None
[2025-02-20T09:24:50.110+0000] {processor.py:208} INFO - Processing /opt/airflow/dags/docker_operator_example.py took 0.246 seconds
[2025-02-20T09:25:20.381+0000] {processor.py:186} INFO - Started process (PID=7180) to work on /opt/airflow/dags/docker_operator_example.py
[2025-02-20T09:25:20.383+0000] {processor.py:914} INFO - Processing file /opt/airflow/dags/docker_operator_example.py for tasks to queue
[2025-02-20T09:25:20.384+0000] {logging_mixin.py:190} INFO - [2025-02-20T09:25:20.383+0000] {dagbag.py:588} INFO - Filling up the DagBag from /opt/airflow/dags/docker_operator_example.py
[2025-02-20T09:25:20.399+0000] {processor.py:925} INFO - DAG(s) 'test_docker_import' retrieved from /opt/airflow/dags/docker_operator_example.py
[2025-02-20T09:25:20.438+0000] {logging_mixin.py:190} INFO - [2025-02-20T09:25:20.438+0000] {dag.py:3239} INFO - Sync 1 DAGs
[2025-02-20T09:25:20.458+0000] {logging_mixin.py:190} INFO - [2025-02-20T09:25:20.458+0000] {dag.py:4180} INFO - Setting next_dagrun for test_docker_import to None, run_after=None
[2025-02-20T09:25:20.470+0000] {processor.py:208} INFO - Processing /opt/airflow/dags/docker_operator_example.py took 0.100 seconds
[2025-02-20T09:25:51.194+0000] {processor.py:186} INFO - Started process (PID=7191) to work on /opt/airflow/dags/docker_operator_example.py
[2025-02-20T09:25:51.197+0000] {processor.py:914} INFO - Processing file /opt/airflow/dags/docker_operator_example.py for tasks to queue
[2025-02-20T09:25:51.199+0000] {logging_mixin.py:190} INFO - [2025-02-20T09:25:51.199+0000] {dagbag.py:588} INFO - Filling up the DagBag from /opt/airflow/dags/docker_operator_example.py
[2025-02-20T09:25:51.223+0000] {processor.py:925} INFO - DAG(s) 'test_docker_import' retrieved from /opt/airflow/dags/docker_operator_example.py
[2025-02-20T09:25:51.300+0000] {logging_mixin.py:190} INFO - [2025-02-20T09:25:51.299+0000] {dag.py:3239} INFO - Sync 1 DAGs
[2025-02-20T09:25:51.357+0000] {logging_mixin.py:190} INFO - [2025-02-20T09:25:51.357+0000] {dag.py:4180} INFO - Setting next_dagrun for test_docker_import to None, run_after=None
[2025-02-20T09:25:51.378+0000] {processor.py:208} INFO - Processing /opt/airflow/dags/docker_operator_example.py took 0.214 seconds
[2025-02-20T09:26:21.713+0000] {processor.py:186} INFO - Started process (PID=7202) to work on /opt/airflow/dags/docker_operator_example.py
[2025-02-20T09:26:21.715+0000] {processor.py:914} INFO - Processing file /opt/airflow/dags/docker_operator_example.py for tasks to queue
[2025-02-20T09:26:21.717+0000] {logging_mixin.py:190} INFO - [2025-02-20T09:26:21.716+0000] {dagbag.py:588} INFO - Filling up the DagBag from /opt/airflow/dags/docker_operator_example.py
[2025-02-20T09:26:21.734+0000] {processor.py:925} INFO - DAG(s) 'test_docker_import' retrieved from /opt/airflow/dags/docker_operator_example.py
[2025-02-20T09:26:21.769+0000] {logging_mixin.py:190} INFO - [2025-02-20T09:26:21.769+0000] {dag.py:3239} INFO - Sync 1 DAGs
[2025-02-20T09:26:21.798+0000] {logging_mixin.py:190} INFO - [2025-02-20T09:26:21.798+0000] {dag.py:4180} INFO - Setting next_dagrun for test_docker_import to None, run_after=None
[2025-02-20T09:26:21.811+0000] {processor.py:208} INFO - Processing /opt/airflow/dags/docker_operator_example.py took 0.112 seconds
[2025-02-20T09:26:52.314+0000] {processor.py:186} INFO - Started process (PID=7213) to work on /opt/airflow/dags/docker_operator_example.py
[2025-02-20T09:26:52.316+0000] {processor.py:914} INFO - Processing file /opt/airflow/dags/docker_operator_example.py for tasks to queue
[2025-02-20T09:26:52.319+0000] {logging_mixin.py:190} INFO - [2025-02-20T09:26:52.318+0000] {dagbag.py:588} INFO - Filling up the DagBag from /opt/airflow/dags/docker_operator_example.py
[2025-02-20T09:26:52.342+0000] {processor.py:925} INFO - DAG(s) 'test_docker_import' retrieved from /opt/airflow/dags/docker_operator_example.py
[2025-02-20T09:26:52.385+0000] {logging_mixin.py:190} INFO - [2025-02-20T09:26:52.385+0000] {dag.py:3239} INFO - Sync 1 DAGs
[2025-02-20T09:26:52.405+0000] {logging_mixin.py:190} INFO - [2025-02-20T09:26:52.405+0000] {dag.py:4180} INFO - Setting next_dagrun for test_docker_import to None, run_after=None
[2025-02-20T09:26:52.426+0000] {processor.py:208} INFO - Processing /opt/airflow/dags/docker_operator_example.py took 0.137 seconds
[2025-02-20T09:27:22.766+0000] {processor.py:186} INFO - Started process (PID=7224) to work on /opt/airflow/dags/docker_operator_example.py
[2025-02-20T09:27:22.767+0000] {processor.py:914} INFO - Processing file /opt/airflow/dags/docker_operator_example.py for tasks to queue
[2025-02-20T09:27:22.768+0000] {logging_mixin.py:190} INFO - [2025-02-20T09:27:22.767+0000] {dagbag.py:588} INFO - Filling up the DagBag from /opt/airflow/dags/docker_operator_example.py
[2025-02-20T09:27:22.774+0000] {processor.py:925} INFO - DAG(s) 'test_docker_import' retrieved from /opt/airflow/dags/docker_operator_example.py
[2025-02-20T09:27:22.796+0000] {logging_mixin.py:190} INFO - [2025-02-20T09:27:22.796+0000] {dag.py:3239} INFO - Sync 1 DAGs
[2025-02-20T09:27:22.806+0000] {logging_mixin.py:190} INFO - [2025-02-20T09:27:22.806+0000] {dag.py:4180} INFO - Setting next_dagrun for test_docker_import to None, run_after=None
[2025-02-20T09:27:22.814+0000] {processor.py:208} INFO - Processing /opt/airflow/dags/docker_operator_example.py took 0.055 seconds
[2025-02-20T09:27:53.330+0000] {processor.py:186} INFO - Started process (PID=7235) to work on /opt/airflow/dags/docker_operator_example.py
[2025-02-20T09:27:53.332+0000] {processor.py:914} INFO - Processing file /opt/airflow/dags/docker_operator_example.py for tasks to queue
[2025-02-20T09:27:53.334+0000] {logging_mixin.py:190} INFO - [2025-02-20T09:27:53.333+0000] {dagbag.py:588} INFO - Filling up the DagBag from /opt/airflow/dags/docker_operator_example.py
[2025-02-20T09:27:53.348+0000] {processor.py:925} INFO - DAG(s) 'test_docker_import' retrieved from /opt/airflow/dags/docker_operator_example.py
[2025-02-20T09:27:53.393+0000] {logging_mixin.py:190} INFO - [2025-02-20T09:27:53.393+0000] {dag.py:3239} INFO - Sync 1 DAGs
[2025-02-20T09:27:53.412+0000] {logging_mixin.py:190} INFO - [2025-02-20T09:27:53.412+0000] {dag.py:4180} INFO - Setting next_dagrun for test_docker_import to None, run_after=None
[2025-02-20T09:27:53.427+0000] {processor.py:208} INFO - Processing /opt/airflow/dags/docker_operator_example.py took 0.114 seconds
[2025-02-20T09:28:23.787+0000] {processor.py:186} INFO - Started process (PID=7246) to work on /opt/airflow/dags/docker_operator_example.py
[2025-02-20T09:28:23.789+0000] {processor.py:914} INFO - Processing file /opt/airflow/dags/docker_operator_example.py for tasks to queue
[2025-02-20T09:28:23.791+0000] {logging_mixin.py:190} INFO - [2025-02-20T09:28:23.790+0000] {dagbag.py:588} INFO - Filling up the DagBag from /opt/airflow/dags/docker_operator_example.py
[2025-02-20T09:28:23.803+0000] {processor.py:925} INFO - DAG(s) 'test_docker_import' retrieved from /opt/airflow/dags/docker_operator_example.py
[2025-02-20T09:28:23.840+0000] {logging_mixin.py:190} INFO - [2025-02-20T09:28:23.839+0000] {dag.py:3239} INFO - Sync 1 DAGs
[2025-02-20T09:28:23.860+0000] {logging_mixin.py:190} INFO - [2025-02-20T09:28:23.859+0000] {dag.py:4180} INFO - Setting next_dagrun for test_docker_import to None, run_after=None
[2025-02-20T09:28:23.874+0000] {processor.py:208} INFO - Processing /opt/airflow/dags/docker_operator_example.py took 0.096 seconds
[2025-02-20T09:29:12.685+0000] {processor.py:186} INFO - Started process (PID=7257) to work on /opt/airflow/dags/docker_operator_example.py
[2025-02-20T09:29:12.688+0000] {processor.py:914} INFO - Processing file /opt/airflow/dags/docker_operator_example.py for tasks to queue
[2025-02-20T09:29:12.690+0000] {logging_mixin.py:190} INFO - [2025-02-20T09:29:12.689+0000] {dagbag.py:588} INFO - Filling up the DagBag from /opt/airflow/dags/docker_operator_example.py
[2025-02-20T09:29:12.731+0000] {processor.py:925} INFO - DAG(s) 'test_docker_import' retrieved from /opt/airflow/dags/docker_operator_example.py
[2025-02-20T09:29:12.790+0000] {logging_mixin.py:190} INFO - [2025-02-20T09:29:12.789+0000] {dag.py:3239} INFO - Sync 1 DAGs
[2025-02-20T09:29:12.812+0000] {logging_mixin.py:190} INFO - [2025-02-20T09:29:12.812+0000] {dag.py:4180} INFO - Setting next_dagrun for test_docker_import to None, run_after=None
[2025-02-20T09:29:12.830+0000] {processor.py:208} INFO - Processing /opt/airflow/dags/docker_operator_example.py took 0.173 seconds
[2025-02-20T09:30:06.412+0000] {processor.py:186} INFO - Started process (PID=7268) to work on /opt/airflow/dags/docker_operator_example.py
[2025-02-20T09:30:06.414+0000] {processor.py:914} INFO - Processing file /opt/airflow/dags/docker_operator_example.py for tasks to queue
[2025-02-20T09:30:06.419+0000] {logging_mixin.py:190} INFO - [2025-02-20T09:30:06.418+0000] {dagbag.py:588} INFO - Filling up the DagBag from /opt/airflow/dags/docker_operator_example.py
[2025-02-20T09:30:06.442+0000] {processor.py:925} INFO - DAG(s) 'test_docker_import' retrieved from /opt/airflow/dags/docker_operator_example.py
[2025-02-20T09:30:06.480+0000] {logging_mixin.py:190} INFO - [2025-02-20T09:30:06.479+0000] {dag.py:3239} INFO - Sync 1 DAGs
[2025-02-20T09:30:06.500+0000] {logging_mixin.py:190} INFO - [2025-02-20T09:30:06.500+0000] {dag.py:4180} INFO - Setting next_dagrun for test_docker_import to None, run_after=None
[2025-02-20T09:30:06.516+0000] {processor.py:208} INFO - Processing /opt/airflow/dags/docker_operator_example.py took 0.125 seconds
[2025-02-20T11:12:00.304+0000] {processor.py:186} INFO - Started process (PID=47) to work on /opt/airflow/dags/docker_operator_example.py
[2025-02-20T11:12:00.305+0000] {processor.py:914} INFO - Processing file /opt/airflow/dags/docker_operator_example.py for tasks to queue
[2025-02-20T11:12:00.311+0000] {logging_mixin.py:190} INFO - [2025-02-20T11:12:00.311+0000] {dagbag.py:588} INFO - Filling up the DagBag from /opt/airflow/dags/docker_operator_example.py
[2025-02-20T11:12:00.342+0000] {processor.py:925} INFO - DAG(s) 'test_docker_import' retrieved from /opt/airflow/dags/docker_operator_example.py
[2025-02-20T11:12:00.586+0000] {logging_mixin.py:190} INFO - [2025-02-20T11:12:00.585+0000] {override.py:1912} INFO - Created Permission View: can read on DAG:test_docker_import
[2025-02-20T11:12:00.595+0000] {logging_mixin.py:190} INFO - [2025-02-20T11:12:00.595+0000] {override.py:1912} INFO - Created Permission View: can delete on DAG:test_docker_import
[2025-02-20T11:12:00.604+0000] {logging_mixin.py:190} INFO - [2025-02-20T11:12:00.604+0000] {override.py:1912} INFO - Created Permission View: can edit on DAG:test_docker_import
[2025-02-20T11:12:00.610+0000] {logging_mixin.py:190} INFO - [2025-02-20T11:12:00.610+0000] {override.py:1912} INFO - Created Permission View: menu access on DAG Run:test_docker_import
[2025-02-20T11:12:00.615+0000] {logging_mixin.py:190} INFO - [2025-02-20T11:12:00.614+0000] {override.py:1912} INFO - Created Permission View: can read on DAG Run:test_docker_import
[2025-02-20T11:12:00.622+0000] {logging_mixin.py:190} INFO - [2025-02-20T11:12:00.622+0000] {override.py:1912} INFO - Created Permission View: can delete on DAG Run:test_docker_import
[2025-02-20T11:12:00.632+0000] {logging_mixin.py:190} INFO - [2025-02-20T11:12:00.631+0000] {override.py:1912} INFO - Created Permission View: can create on DAG Run:test_docker_import
[2025-02-20T11:12:00.633+0000] {logging_mixin.py:190} INFO - [2025-02-20T11:12:00.632+0000] {dag.py:3239} INFO - Sync 1 DAGs
[2025-02-20T11:12:00.642+0000] {logging_mixin.py:190} INFO - [2025-02-20T11:12:00.642+0000] {dag.py:3262} INFO - Creating ORM DAG for test_docker_import
[2025-02-20T11:12:00.643+0000] {logging_mixin.py:190} INFO - [2025-02-20T11:12:00.642+0000] {dag.py:4180} INFO - Setting next_dagrun for test_docker_import to None, run_after=None
[2025-02-20T11:12:00.658+0000] {processor.py:208} INFO - Processing /opt/airflow/dags/docker_operator_example.py took 0.358 seconds
[2025-02-20T11:12:31.136+0000] {processor.py:186} INFO - Started process (PID=58) to work on /opt/airflow/dags/docker_operator_example.py
[2025-02-20T11:12:31.137+0000] {processor.py:914} INFO - Processing file /opt/airflow/dags/docker_operator_example.py for tasks to queue
[2025-02-20T11:12:31.146+0000] {logging_mixin.py:190} INFO - [2025-02-20T11:12:31.145+0000] {dagbag.py:588} INFO - Filling up the DagBag from /opt/airflow/dags/docker_operator_example.py
[2025-02-20T11:12:31.161+0000] {processor.py:925} INFO - DAG(s) 'test_docker_import' retrieved from /opt/airflow/dags/docker_operator_example.py
[2025-02-20T11:12:31.203+0000] {logging_mixin.py:190} INFO - [2025-02-20T11:12:31.203+0000] {dag.py:3239} INFO - Sync 1 DAGs
[2025-02-20T11:12:31.216+0000] {logging_mixin.py:190} INFO - [2025-02-20T11:12:31.216+0000] {dag.py:4180} INFO - Setting next_dagrun for test_docker_import to None, run_after=None
[2025-02-20T11:12:31.235+0000] {processor.py:208} INFO - Processing /opt/airflow/dags/docker_operator_example.py took 0.108 seconds
[2025-02-20T11:13:01.660+0000] {processor.py:186} INFO - Started process (PID=69) to work on /opt/airflow/dags/docker_operator_example.py
[2025-02-20T11:13:01.662+0000] {processor.py:914} INFO - Processing file /opt/airflow/dags/docker_operator_example.py for tasks to queue
[2025-02-20T11:13:01.667+0000] {logging_mixin.py:190} INFO - [2025-02-20T11:13:01.667+0000] {dagbag.py:588} INFO - Filling up the DagBag from /opt/airflow/dags/docker_operator_example.py
[2025-02-20T11:13:01.681+0000] {processor.py:925} INFO - DAG(s) 'test_docker_import' retrieved from /opt/airflow/dags/docker_operator_example.py
[2025-02-20T11:13:01.720+0000] {logging_mixin.py:190} INFO - [2025-02-20T11:13:01.720+0000] {dag.py:3239} INFO - Sync 1 DAGs
[2025-02-20T11:13:01.732+0000] {logging_mixin.py:190} INFO - [2025-02-20T11:13:01.732+0000] {dag.py:4180} INFO - Setting next_dagrun for test_docker_import to None, run_after=None
[2025-02-20T11:13:01.754+0000] {processor.py:208} INFO - Processing /opt/airflow/dags/docker_operator_example.py took 0.109 seconds
[2025-02-20T11:13:32.239+0000] {processor.py:186} INFO - Started process (PID=80) to work on /opt/airflow/dags/docker_operator_example.py
[2025-02-20T11:13:32.240+0000] {processor.py:914} INFO - Processing file /opt/airflow/dags/docker_operator_example.py for tasks to queue
[2025-02-20T11:13:32.245+0000] {logging_mixin.py:190} INFO - [2025-02-20T11:13:32.245+0000] {dagbag.py:588} INFO - Filling up the DagBag from /opt/airflow/dags/docker_operator_example.py
[2025-02-20T11:13:32.269+0000] {processor.py:925} INFO - DAG(s) 'test_docker_import' retrieved from /opt/airflow/dags/docker_operator_example.py
[2025-02-20T11:13:32.312+0000] {logging_mixin.py:190} INFO - [2025-02-20T11:13:32.312+0000] {dag.py:3239} INFO - Sync 1 DAGs
[2025-02-20T11:13:32.330+0000] {logging_mixin.py:190} INFO - [2025-02-20T11:13:32.330+0000] {dag.py:4180} INFO - Setting next_dagrun for test_docker_import to None, run_after=None
[2025-02-20T11:13:32.344+0000] {processor.py:208} INFO - Processing /opt/airflow/dags/docker_operator_example.py took 0.130 seconds
[2025-02-20T11:14:02.889+0000] {processor.py:186} INFO - Started process (PID=91) to work on /opt/airflow/dags/docker_operator_example.py
[2025-02-20T11:14:02.891+0000] {processor.py:914} INFO - Processing file /opt/airflow/dags/docker_operator_example.py for tasks to queue
[2025-02-20T11:14:02.896+0000] {logging_mixin.py:190} INFO - [2025-02-20T11:14:02.896+0000] {dagbag.py:588} INFO - Filling up the DagBag from /opt/airflow/dags/docker_operator_example.py
[2025-02-20T11:14:02.921+0000] {processor.py:925} INFO - DAG(s) 'test_docker_import' retrieved from /opt/airflow/dags/docker_operator_example.py
[2025-02-20T11:14:02.955+0000] {logging_mixin.py:190} INFO - [2025-02-20T11:14:02.954+0000] {dag.py:3239} INFO - Sync 1 DAGs
[2025-02-20T11:14:02.971+0000] {logging_mixin.py:190} INFO - [2025-02-20T11:14:02.971+0000] {dag.py:4180} INFO - Setting next_dagrun for test_docker_import to None, run_after=None
[2025-02-20T11:14:02.986+0000] {processor.py:208} INFO - Processing /opt/airflow/dags/docker_operator_example.py took 0.108 seconds
[2025-02-20T11:14:33.464+0000] {processor.py:186} INFO - Started process (PID=108) to work on /opt/airflow/dags/docker_operator_example.py
[2025-02-20T11:14:33.471+0000] {processor.py:914} INFO - Processing file /opt/airflow/dags/docker_operator_example.py for tasks to queue
[2025-02-20T11:14:33.484+0000] {logging_mixin.py:190} INFO - [2025-02-20T11:14:33.482+0000] {dagbag.py:588} INFO - Filling up the DagBag from /opt/airflow/dags/docker_operator_example.py
[2025-02-20T11:14:33.512+0000] {processor.py:925} INFO - DAG(s) 'test_docker_import' retrieved from /opt/airflow/dags/docker_operator_example.py
[2025-02-20T11:14:33.614+0000] {logging_mixin.py:190} INFO - [2025-02-20T11:14:33.614+0000] {dag.py:3239} INFO - Sync 1 DAGs
[2025-02-20T11:14:33.628+0000] {logging_mixin.py:190} INFO - [2025-02-20T11:14:33.628+0000] {dag.py:4180} INFO - Setting next_dagrun for test_docker_import to None, run_after=None
[2025-02-20T11:14:33.656+0000] {processor.py:208} INFO - Processing /opt/airflow/dags/docker_operator_example.py took 0.252 seconds
[2025-02-20T11:15:04.344+0000] {processor.py:186} INFO - Started process (PID=119) to work on /opt/airflow/dags/docker_operator_example.py
[2025-02-20T11:15:04.345+0000] {processor.py:914} INFO - Processing file /opt/airflow/dags/docker_operator_example.py for tasks to queue
[2025-02-20T11:15:04.353+0000] {logging_mixin.py:190} INFO - [2025-02-20T11:15:04.352+0000] {dagbag.py:588} INFO - Filling up the DagBag from /opt/airflow/dags/docker_operator_example.py
[2025-02-20T11:15:04.390+0000] {processor.py:925} INFO - DAG(s) 'test_docker_import' retrieved from /opt/airflow/dags/docker_operator_example.py
[2025-02-20T11:15:04.477+0000] {logging_mixin.py:190} INFO - [2025-02-20T11:15:04.477+0000] {dag.py:3239} INFO - Sync 1 DAGs
[2025-02-20T11:15:04.508+0000] {logging_mixin.py:190} INFO - [2025-02-20T11:15:04.507+0000] {dag.py:4180} INFO - Setting next_dagrun for test_docker_import to None, run_after=None
[2025-02-20T11:15:04.572+0000] {processor.py:208} INFO - Processing /opt/airflow/dags/docker_operator_example.py took 0.240 seconds
[2025-02-20T11:15:35.190+0000] {processor.py:186} INFO - Started process (PID=130) to work on /opt/airflow/dags/docker_operator_example.py
[2025-02-20T11:15:35.193+0000] {processor.py:914} INFO - Processing file /opt/airflow/dags/docker_operator_example.py for tasks to queue
[2025-02-20T11:15:35.200+0000] {logging_mixin.py:190} INFO - [2025-02-20T11:15:35.200+0000] {dagbag.py:588} INFO - Filling up the DagBag from /opt/airflow/dags/docker_operator_example.py
[2025-02-20T11:15:35.222+0000] {processor.py:925} INFO - DAG(s) 'test_docker_import' retrieved from /opt/airflow/dags/docker_operator_example.py
[2025-02-20T11:15:35.269+0000] {logging_mixin.py:190} INFO - [2025-02-20T11:15:35.269+0000] {dag.py:3239} INFO - Sync 1 DAGs
[2025-02-20T11:15:35.291+0000] {logging_mixin.py:190} INFO - [2025-02-20T11:15:35.291+0000] {dag.py:4180} INFO - Setting next_dagrun for test_docker_import to None, run_after=None
[2025-02-20T11:15:35.313+0000] {processor.py:208} INFO - Processing /opt/airflow/dags/docker_operator_example.py took 0.139 seconds
[2025-02-20T11:16:05.780+0000] {processor.py:186} INFO - Started process (PID=141) to work on /opt/airflow/dags/docker_operator_example.py
[2025-02-20T11:16:05.781+0000] {processor.py:914} INFO - Processing file /opt/airflow/dags/docker_operator_example.py for tasks to queue
[2025-02-20T11:16:05.787+0000] {logging_mixin.py:190} INFO - [2025-02-20T11:16:05.786+0000] {dagbag.py:588} INFO - Filling up the DagBag from /opt/airflow/dags/docker_operator_example.py
[2025-02-20T11:16:05.811+0000] {processor.py:925} INFO - DAG(s) 'test_docker_import' retrieved from /opt/airflow/dags/docker_operator_example.py
[2025-02-20T11:16:05.857+0000] {logging_mixin.py:190} INFO - [2025-02-20T11:16:05.857+0000] {dag.py:3239} INFO - Sync 1 DAGs
[2025-02-20T11:16:05.872+0000] {logging_mixin.py:190} INFO - [2025-02-20T11:16:05.872+0000] {dag.py:4180} INFO - Setting next_dagrun for test_docker_import to None, run_after=None
[2025-02-20T11:16:05.889+0000] {processor.py:208} INFO - Processing /opt/airflow/dags/docker_operator_example.py took 0.134 seconds
[2025-02-20T11:16:36.377+0000] {processor.py:186} INFO - Started process (PID=152) to work on /opt/airflow/dags/docker_operator_example.py
[2025-02-20T11:16:36.380+0000] {processor.py:914} INFO - Processing file /opt/airflow/dags/docker_operator_example.py for tasks to queue
[2025-02-20T11:16:36.385+0000] {logging_mixin.py:190} INFO - [2025-02-20T11:16:36.385+0000] {dagbag.py:588} INFO - Filling up the DagBag from /opt/airflow/dags/docker_operator_example.py
[2025-02-20T11:16:36.414+0000] {processor.py:925} INFO - DAG(s) 'test_docker_import' retrieved from /opt/airflow/dags/docker_operator_example.py
[2025-02-20T11:16:36.468+0000] {logging_mixin.py:190} INFO - [2025-02-20T11:16:36.467+0000] {dag.py:3239} INFO - Sync 1 DAGs
[2025-02-20T11:16:36.481+0000] {logging_mixin.py:190} INFO - [2025-02-20T11:16:36.481+0000] {dag.py:4180} INFO - Setting next_dagrun for test_docker_import to None, run_after=None
[2025-02-20T11:16:36.500+0000] {processor.py:208} INFO - Processing /opt/airflow/dags/docker_operator_example.py took 0.145 seconds
[2025-02-20T11:17:06.947+0000] {processor.py:186} INFO - Started process (PID=163) to work on /opt/airflow/dags/docker_operator_example.py
[2025-02-20T11:17:06.948+0000] {processor.py:914} INFO - Processing file /opt/airflow/dags/docker_operator_example.py for tasks to queue
[2025-02-20T11:17:06.955+0000] {logging_mixin.py:190} INFO - [2025-02-20T11:17:06.955+0000] {dagbag.py:588} INFO - Filling up the DagBag from /opt/airflow/dags/docker_operator_example.py
[2025-02-20T11:17:06.972+0000] {processor.py:925} INFO - DAG(s) 'test_docker_import' retrieved from /opt/airflow/dags/docker_operator_example.py
[2025-02-20T11:17:07.005+0000] {logging_mixin.py:190} INFO - [2025-02-20T11:17:07.005+0000] {dag.py:3239} INFO - Sync 1 DAGs
[2025-02-20T11:17:07.023+0000] {logging_mixin.py:190} INFO - [2025-02-20T11:17:07.023+0000] {dag.py:4180} INFO - Setting next_dagrun for test_docker_import to None, run_after=None
[2025-02-20T11:17:07.037+0000] {processor.py:208} INFO - Processing /opt/airflow/dags/docker_operator_example.py took 0.106 seconds
[2025-02-20T11:17:37.498+0000] {processor.py:186} INFO - Started process (PID=174) to work on /opt/airflow/dags/docker_operator_example.py
[2025-02-20T11:17:37.500+0000] {processor.py:914} INFO - Processing file /opt/airflow/dags/docker_operator_example.py for tasks to queue
[2025-02-20T11:17:37.510+0000] {logging_mixin.py:190} INFO - [2025-02-20T11:17:37.509+0000] {dagbag.py:588} INFO - Filling up the DagBag from /opt/airflow/dags/docker_operator_example.py
[2025-02-20T11:17:37.545+0000] {processor.py:925} INFO - DAG(s) 'test_docker_import' retrieved from /opt/airflow/dags/docker_operator_example.py
[2025-02-20T11:17:37.593+0000] {logging_mixin.py:190} INFO - [2025-02-20T11:17:37.593+0000] {dag.py:3239} INFO - Sync 1 DAGs
[2025-02-20T11:17:37.619+0000] {logging_mixin.py:190} INFO - [2025-02-20T11:17:37.619+0000] {dag.py:4180} INFO - Setting next_dagrun for test_docker_import to None, run_after=None
[2025-02-20T11:17:37.636+0000] {processor.py:208} INFO - Processing /opt/airflow/dags/docker_operator_example.py took 0.153 seconds
[2025-02-20T11:18:08.103+0000] {processor.py:186} INFO - Started process (PID=185) to work on /opt/airflow/dags/docker_operator_example.py
[2025-02-20T11:18:08.104+0000] {processor.py:914} INFO - Processing file /opt/airflow/dags/docker_operator_example.py for tasks to queue
[2025-02-20T11:18:08.108+0000] {logging_mixin.py:190} INFO - [2025-02-20T11:18:08.108+0000] {dagbag.py:588} INFO - Filling up the DagBag from /opt/airflow/dags/docker_operator_example.py
[2025-02-20T11:18:08.121+0000] {processor.py:925} INFO - DAG(s) 'test_docker_import' retrieved from /opt/airflow/dags/docker_operator_example.py
[2025-02-20T11:18:08.145+0000] {logging_mixin.py:190} INFO - [2025-02-20T11:18:08.145+0000] {dag.py:3239} INFO - Sync 1 DAGs
[2025-02-20T11:18:08.164+0000] {logging_mixin.py:190} INFO - [2025-02-20T11:18:08.164+0000] {dag.py:4180} INFO - Setting next_dagrun for test_docker_import to None, run_after=None
[2025-02-20T11:18:08.179+0000] {processor.py:208} INFO - Processing /opt/airflow/dags/docker_operator_example.py took 0.099 seconds
[2025-02-20T11:18:38.564+0000] {processor.py:186} INFO - Started process (PID=196) to work on /opt/airflow/dags/docker_operator_example.py
[2025-02-20T11:18:38.569+0000] {processor.py:914} INFO - Processing file /opt/airflow/dags/docker_operator_example.py for tasks to queue
[2025-02-20T11:18:38.576+0000] {logging_mixin.py:190} INFO - [2025-02-20T11:18:38.576+0000] {dagbag.py:588} INFO - Filling up the DagBag from /opt/airflow/dags/docker_operator_example.py
[2025-02-20T11:18:38.594+0000] {processor.py:925} INFO - DAG(s) 'test_docker_import' retrieved from /opt/airflow/dags/docker_operator_example.py
[2025-02-20T11:18:38.637+0000] {logging_mixin.py:190} INFO - [2025-02-20T11:18:38.636+0000] {dag.py:3239} INFO - Sync 1 DAGs
[2025-02-20T11:18:38.893+0000] {logging_mixin.py:190} INFO - [2025-02-20T11:18:38.892+0000] {dag.py:4180} INFO - Setting next_dagrun for test_docker_import to None, run_after=None
[2025-02-20T11:18:38.904+0000] {processor.py:208} INFO - Processing /opt/airflow/dags/docker_operator_example.py took 0.357 seconds
[2025-02-20T11:19:09.282+0000] {processor.py:186} INFO - Started process (PID=207) to work on /opt/airflow/dags/docker_operator_example.py
[2025-02-20T11:19:09.284+0000] {processor.py:914} INFO - Processing file /opt/airflow/dags/docker_operator_example.py for tasks to queue
[2025-02-20T11:19:09.289+0000] {logging_mixin.py:190} INFO - [2025-02-20T11:19:09.289+0000] {dagbag.py:588} INFO - Filling up the DagBag from /opt/airflow/dags/docker_operator_example.py
[2025-02-20T11:19:09.299+0000] {processor.py:925} INFO - DAG(s) 'test_docker_import' retrieved from /opt/airflow/dags/docker_operator_example.py
[2025-02-20T11:19:09.323+0000] {logging_mixin.py:190} INFO - [2025-02-20T11:19:09.323+0000] {dag.py:3239} INFO - Sync 1 DAGs
[2025-02-20T11:19:09.335+0000] {logging_mixin.py:190} INFO - [2025-02-20T11:19:09.335+0000] {dag.py:4180} INFO - Setting next_dagrun for test_docker_import to None, run_after=None
[2025-02-20T11:19:09.348+0000] {processor.py:208} INFO - Processing /opt/airflow/dags/docker_operator_example.py took 0.074 seconds
[2025-02-20T11:19:39.820+0000] {processor.py:186} INFO - Started process (PID=218) to work on /opt/airflow/dags/docker_operator_example.py
[2025-02-20T11:19:39.823+0000] {processor.py:914} INFO - Processing file /opt/airflow/dags/docker_operator_example.py for tasks to queue
[2025-02-20T11:19:39.829+0000] {logging_mixin.py:190} INFO - [2025-02-20T11:19:39.828+0000] {dagbag.py:588} INFO - Filling up the DagBag from /opt/airflow/dags/docker_operator_example.py
[2025-02-20T11:19:39.856+0000] {processor.py:925} INFO - DAG(s) 'test_docker_import' retrieved from /opt/airflow/dags/docker_operator_example.py
[2025-02-20T11:19:39.893+0000] {logging_mixin.py:190} INFO - [2025-02-20T11:19:39.893+0000] {dag.py:3239} INFO - Sync 1 DAGs
[2025-02-20T11:19:39.908+0000] {logging_mixin.py:190} INFO - [2025-02-20T11:19:39.908+0000] {dag.py:4180} INFO - Setting next_dagrun for test_docker_import to None, run_after=None
[2025-02-20T11:19:39.923+0000] {processor.py:208} INFO - Processing /opt/airflow/dags/docker_operator_example.py took 0.122 seconds
[2025-02-20T11:20:10.391+0000] {processor.py:186} INFO - Started process (PID=229) to work on /opt/airflow/dags/docker_operator_example.py
[2025-02-20T11:20:10.393+0000] {processor.py:914} INFO - Processing file /opt/airflow/dags/docker_operator_example.py for tasks to queue
[2025-02-20T11:20:10.399+0000] {logging_mixin.py:190} INFO - [2025-02-20T11:20:10.398+0000] {dagbag.py:588} INFO - Filling up the DagBag from /opt/airflow/dags/docker_operator_example.py
[2025-02-20T11:20:10.426+0000] {processor.py:925} INFO - DAG(s) 'test_docker_import' retrieved from /opt/airflow/dags/docker_operator_example.py
[2025-02-20T11:20:10.459+0000] {logging_mixin.py:190} INFO - [2025-02-20T11:20:10.459+0000] {dag.py:3239} INFO - Sync 1 DAGs
[2025-02-20T11:20:10.474+0000] {logging_mixin.py:190} INFO - [2025-02-20T11:20:10.474+0000] {dag.py:4180} INFO - Setting next_dagrun for test_docker_import to None, run_after=None
[2025-02-20T11:20:10.493+0000] {processor.py:208} INFO - Processing /opt/airflow/dags/docker_operator_example.py took 0.118 seconds
[2025-02-20T11:20:40.939+0000] {processor.py:186} INFO - Started process (PID=240) to work on /opt/airflow/dags/docker_operator_example.py
[2025-02-20T11:20:40.942+0000] {processor.py:914} INFO - Processing file /opt/airflow/dags/docker_operator_example.py for tasks to queue
[2025-02-20T11:20:40.949+0000] {logging_mixin.py:190} INFO - [2025-02-20T11:20:40.948+0000] {dagbag.py:588} INFO - Filling up the DagBag from /opt/airflow/dags/docker_operator_example.py
[2025-02-20T11:20:40.981+0000] {processor.py:925} INFO - DAG(s) 'test_docker_import' retrieved from /opt/airflow/dags/docker_operator_example.py
[2025-02-20T11:20:41.035+0000] {logging_mixin.py:190} INFO - [2025-02-20T11:20:41.035+0000] {dag.py:3239} INFO - Sync 1 DAGs
[2025-02-20T11:20:41.054+0000] {logging_mixin.py:190} INFO - [2025-02-20T11:20:41.054+0000] {dag.py:4180} INFO - Setting next_dagrun for test_docker_import to None, run_after=None
[2025-02-20T11:20:41.070+0000] {processor.py:208} INFO - Processing /opt/airflow/dags/docker_operator_example.py took 0.161 seconds
[2025-02-20T11:21:11.493+0000] {processor.py:186} INFO - Started process (PID=251) to work on /opt/airflow/dags/docker_operator_example.py
[2025-02-20T11:21:11.495+0000] {processor.py:914} INFO - Processing file /opt/airflow/dags/docker_operator_example.py for tasks to queue
[2025-02-20T11:21:11.511+0000] {logging_mixin.py:190} INFO - [2025-02-20T11:21:11.505+0000] {dagbag.py:588} INFO - Filling up the DagBag from /opt/airflow/dags/docker_operator_example.py
[2025-02-20T11:21:11.541+0000] {processor.py:925} INFO - DAG(s) 'test_docker_import' retrieved from /opt/airflow/dags/docker_operator_example.py
[2025-02-20T11:21:11.606+0000] {logging_mixin.py:190} INFO - [2025-02-20T11:21:11.606+0000] {dag.py:3239} INFO - Sync 1 DAGs
[2025-02-20T11:21:11.632+0000] {logging_mixin.py:190} INFO - [2025-02-20T11:21:11.632+0000] {dag.py:4180} INFO - Setting next_dagrun for test_docker_import to None, run_after=None
[2025-02-20T11:21:12.003+0000] {processor.py:208} INFO - Processing /opt/airflow/dags/docker_operator_example.py took 0.530 seconds
[2025-02-20T11:21:42.519+0000] {processor.py:186} INFO - Started process (PID=262) to work on /opt/airflow/dags/docker_operator_example.py
[2025-02-20T11:21:42.521+0000] {processor.py:914} INFO - Processing file /opt/airflow/dags/docker_operator_example.py for tasks to queue
[2025-02-20T11:21:42.526+0000] {logging_mixin.py:190} INFO - [2025-02-20T11:21:42.526+0000] {dagbag.py:588} INFO - Filling up the DagBag from /opt/airflow/dags/docker_operator_example.py
[2025-02-20T11:21:42.553+0000] {processor.py:925} INFO - DAG(s) 'test_docker_import' retrieved from /opt/airflow/dags/docker_operator_example.py
[2025-02-20T11:21:42.598+0000] {logging_mixin.py:190} INFO - [2025-02-20T11:21:42.598+0000] {dag.py:3239} INFO - Sync 1 DAGs
[2025-02-20T11:21:42.613+0000] {logging_mixin.py:190} INFO - [2025-02-20T11:21:42.613+0000] {dag.py:4180} INFO - Setting next_dagrun for test_docker_import to None, run_after=None
[2025-02-20T11:21:42.631+0000] {processor.py:208} INFO - Processing /opt/airflow/dags/docker_operator_example.py took 0.127 seconds
[2025-02-20T11:22:13.149+0000] {processor.py:186} INFO - Started process (PID=273) to work on /opt/airflow/dags/docker_operator_example.py
[2025-02-20T11:22:13.150+0000] {processor.py:914} INFO - Processing file /opt/airflow/dags/docker_operator_example.py for tasks to queue
[2025-02-20T11:22:13.154+0000] {logging_mixin.py:190} INFO - [2025-02-20T11:22:13.154+0000] {dagbag.py:588} INFO - Filling up the DagBag from /opt/airflow/dags/docker_operator_example.py
[2025-02-20T11:22:13.167+0000] {processor.py:925} INFO - DAG(s) 'test_docker_import' retrieved from /opt/airflow/dags/docker_operator_example.py
[2025-02-20T11:22:13.199+0000] {logging_mixin.py:190} INFO - [2025-02-20T11:22:13.199+0000] {dag.py:3239} INFO - Sync 1 DAGs
[2025-02-20T11:22:13.211+0000] {logging_mixin.py:190} INFO - [2025-02-20T11:22:13.211+0000] {dag.py:4180} INFO - Setting next_dagrun for test_docker_import to None, run_after=None
[2025-02-20T11:22:13.223+0000] {processor.py:208} INFO - Processing /opt/airflow/dags/docker_operator_example.py took 0.082 seconds
[2025-02-20T11:22:43.724+0000] {processor.py:186} INFO - Started process (PID=284) to work on /opt/airflow/dags/docker_operator_example.py
[2025-02-20T11:22:43.727+0000] {processor.py:914} INFO - Processing file /opt/airflow/dags/docker_operator_example.py for tasks to queue
[2025-02-20T11:22:43.735+0000] {logging_mixin.py:190} INFO - [2025-02-20T11:22:43.734+0000] {dagbag.py:588} INFO - Filling up the DagBag from /opt/airflow/dags/docker_operator_example.py
[2025-02-20T11:22:43.752+0000] {processor.py:925} INFO - DAG(s) 'test_docker_import' retrieved from /opt/airflow/dags/docker_operator_example.py
[2025-02-20T11:22:43.783+0000] {logging_mixin.py:190} INFO - [2025-02-20T11:22:43.782+0000] {dag.py:3239} INFO - Sync 1 DAGs
[2025-02-20T11:22:43.792+0000] {logging_mixin.py:190} INFO - [2025-02-20T11:22:43.792+0000] {dag.py:4180} INFO - Setting next_dagrun for test_docker_import to None, run_after=None
[2025-02-20T11:22:43.809+0000] {processor.py:208} INFO - Processing /opt/airflow/dags/docker_operator_example.py took 0.103 seconds
[2025-02-20T11:23:14.379+0000] {processor.py:186} INFO - Started process (PID=295) to work on /opt/airflow/dags/docker_operator_example.py
[2025-02-20T11:23:14.381+0000] {processor.py:914} INFO - Processing file /opt/airflow/dags/docker_operator_example.py for tasks to queue
[2025-02-20T11:23:14.388+0000] {logging_mixin.py:190} INFO - [2025-02-20T11:23:14.387+0000] {dagbag.py:588} INFO - Filling up the DagBag from /opt/airflow/dags/docker_operator_example.py
[2025-02-20T11:23:14.404+0000] {processor.py:925} INFO - DAG(s) 'test_docker_import' retrieved from /opt/airflow/dags/docker_operator_example.py
[2025-02-20T11:23:14.443+0000] {logging_mixin.py:190} INFO - [2025-02-20T11:23:14.443+0000] {dag.py:3239} INFO - Sync 1 DAGs
[2025-02-20T11:23:14.460+0000] {logging_mixin.py:190} INFO - [2025-02-20T11:23:14.459+0000] {dag.py:4180} INFO - Setting next_dagrun for test_docker_import to None, run_after=None
[2025-02-20T11:23:14.480+0000] {processor.py:208} INFO - Processing /opt/airflow/dags/docker_operator_example.py took 0.122 seconds
[2025-02-20T11:23:44.923+0000] {processor.py:186} INFO - Started process (PID=306) to work on /opt/airflow/dags/docker_operator_example.py
[2025-02-20T11:23:44.929+0000] {processor.py:914} INFO - Processing file /opt/airflow/dags/docker_operator_example.py for tasks to queue
[2025-02-20T11:23:44.940+0000] {logging_mixin.py:190} INFO - [2025-02-20T11:23:44.940+0000] {dagbag.py:588} INFO - Filling up the DagBag from /opt/airflow/dags/docker_operator_example.py
[2025-02-20T11:23:44.954+0000] {processor.py:925} INFO - DAG(s) 'test_docker_import' retrieved from /opt/airflow/dags/docker_operator_example.py
[2025-02-20T11:23:44.991+0000] {logging_mixin.py:190} INFO - [2025-02-20T11:23:44.991+0000] {dag.py:3239} INFO - Sync 1 DAGs
[2025-02-20T11:23:45.004+0000] {logging_mixin.py:190} INFO - [2025-02-20T11:23:45.003+0000] {dag.py:4180} INFO - Setting next_dagrun for test_docker_import to None, run_after=None
[2025-02-20T11:23:45.021+0000] {processor.py:208} INFO - Processing /opt/airflow/dags/docker_operator_example.py took 0.107 seconds
[2025-02-20T11:24:15.643+0000] {processor.py:186} INFO - Started process (PID=317) to work on /opt/airflow/dags/docker_operator_example.py
[2025-02-20T11:24:15.645+0000] {processor.py:914} INFO - Processing file /opt/airflow/dags/docker_operator_example.py for tasks to queue
[2025-02-20T11:24:15.650+0000] {logging_mixin.py:190} INFO - [2025-02-20T11:24:15.650+0000] {dagbag.py:588} INFO - Filling up the DagBag from /opt/airflow/dags/docker_operator_example.py
[2025-02-20T11:24:15.676+0000] {processor.py:925} INFO - DAG(s) 'test_docker_import' retrieved from /opt/airflow/dags/docker_operator_example.py
[2025-02-20T11:24:15.727+0000] {logging_mixin.py:190} INFO - [2025-02-20T11:24:15.727+0000] {dag.py:3239} INFO - Sync 1 DAGs
[2025-02-20T11:24:15.978+0000] {logging_mixin.py:190} INFO - [2025-02-20T11:24:15.978+0000] {dag.py:4180} INFO - Setting next_dagrun for test_docker_import to None, run_after=None
[2025-02-20T11:24:15.992+0000] {processor.py:208} INFO - Processing /opt/airflow/dags/docker_operator_example.py took 0.366 seconds
[2025-02-20T11:24:46.469+0000] {processor.py:186} INFO - Started process (PID=328) to work on /opt/airflow/dags/docker_operator_example.py
[2025-02-20T11:24:46.470+0000] {processor.py:914} INFO - Processing file /opt/airflow/dags/docker_operator_example.py for tasks to queue
[2025-02-20T11:24:46.476+0000] {logging_mixin.py:190} INFO - [2025-02-20T11:24:46.475+0000] {dagbag.py:588} INFO - Filling up the DagBag from /opt/airflow/dags/docker_operator_example.py
[2025-02-20T11:24:46.498+0000] {processor.py:925} INFO - DAG(s) 'test_docker_import' retrieved from /opt/airflow/dags/docker_operator_example.py
[2025-02-20T11:24:46.552+0000] {logging_mixin.py:190} INFO - [2025-02-20T11:24:46.552+0000] {dag.py:3239} INFO - Sync 1 DAGs
[2025-02-20T11:24:46.564+0000] {logging_mixin.py:190} INFO - [2025-02-20T11:24:46.564+0000] {dag.py:4180} INFO - Setting next_dagrun for test_docker_import to None, run_after=None
[2025-02-20T11:24:46.581+0000] {processor.py:208} INFO - Processing /opt/airflow/dags/docker_operator_example.py took 0.136 seconds
[2025-02-20T11:25:17.019+0000] {processor.py:186} INFO - Started process (PID=339) to work on /opt/airflow/dags/docker_operator_example.py
[2025-02-20T11:25:17.022+0000] {processor.py:914} INFO - Processing file /opt/airflow/dags/docker_operator_example.py for tasks to queue
[2025-02-20T11:25:17.030+0000] {logging_mixin.py:190} INFO - [2025-02-20T11:25:17.029+0000] {dagbag.py:588} INFO - Filling up the DagBag from /opt/airflow/dags/docker_operator_example.py
[2025-02-20T11:25:17.053+0000] {processor.py:925} INFO - DAG(s) 'test_docker_import' retrieved from /opt/airflow/dags/docker_operator_example.py
[2025-02-20T11:25:17.096+0000] {logging_mixin.py:190} INFO - [2025-02-20T11:25:17.096+0000] {dag.py:3239} INFO - Sync 1 DAGs
[2025-02-20T11:25:17.112+0000] {logging_mixin.py:190} INFO - [2025-02-20T11:25:17.112+0000] {dag.py:4180} INFO - Setting next_dagrun for test_docker_import to None, run_after=None
[2025-02-20T11:25:17.126+0000] {processor.py:208} INFO - Processing /opt/airflow/dags/docker_operator_example.py took 0.119 seconds
[2025-02-20T11:25:47.622+0000] {processor.py:186} INFO - Started process (PID=350) to work on /opt/airflow/dags/docker_operator_example.py
[2025-02-20T11:25:47.626+0000] {processor.py:914} INFO - Processing file /opt/airflow/dags/docker_operator_example.py for tasks to queue
[2025-02-20T11:25:47.631+0000] {logging_mixin.py:190} INFO - [2025-02-20T11:25:47.631+0000] {dagbag.py:588} INFO - Filling up the DagBag from /opt/airflow/dags/docker_operator_example.py
[2025-02-20T11:25:47.662+0000] {processor.py:925} INFO - DAG(s) 'test_docker_import' retrieved from /opt/airflow/dags/docker_operator_example.py
[2025-02-20T11:25:47.699+0000] {logging_mixin.py:190} INFO - [2025-02-20T11:25:47.699+0000] {dag.py:3239} INFO - Sync 1 DAGs
[2025-02-20T11:25:47.718+0000] {logging_mixin.py:190} INFO - [2025-02-20T11:25:47.717+0000] {dag.py:4180} INFO - Setting next_dagrun for test_docker_import to None, run_after=None
[2025-02-20T11:25:47.734+0000] {processor.py:208} INFO - Processing /opt/airflow/dags/docker_operator_example.py took 0.129 seconds
[2025-02-20T11:26:18.147+0000] {processor.py:186} INFO - Started process (PID=361) to work on /opt/airflow/dags/docker_operator_example.py
[2025-02-20T11:26:18.149+0000] {processor.py:914} INFO - Processing file /opt/airflow/dags/docker_operator_example.py for tasks to queue
[2025-02-20T11:26:18.157+0000] {logging_mixin.py:190} INFO - [2025-02-20T11:26:18.156+0000] {dagbag.py:588} INFO - Filling up the DagBag from /opt/airflow/dags/docker_operator_example.py
[2025-02-20T11:26:18.179+0000] {processor.py:925} INFO - DAG(s) 'test_docker_import' retrieved from /opt/airflow/dags/docker_operator_example.py
[2025-02-20T11:26:18.231+0000] {logging_mixin.py:190} INFO - [2025-02-20T11:26:18.231+0000] {dag.py:3239} INFO - Sync 1 DAGs
[2025-02-20T11:26:18.245+0000] {logging_mixin.py:190} INFO - [2025-02-20T11:26:18.245+0000] {dag.py:4180} INFO - Setting next_dagrun for test_docker_import to None, run_after=None
[2025-02-20T11:26:18.262+0000] {processor.py:208} INFO - Processing /opt/airflow/dags/docker_operator_example.py took 0.131 seconds
[2025-02-20T11:26:48.920+0000] {processor.py:186} INFO - Started process (PID=372) to work on /opt/airflow/dags/docker_operator_example.py
[2025-02-20T11:26:48.924+0000] {processor.py:914} INFO - Processing file /opt/airflow/dags/docker_operator_example.py for tasks to queue
[2025-02-20T11:26:48.931+0000] {logging_mixin.py:190} INFO - [2025-02-20T11:26:48.930+0000] {dagbag.py:588} INFO - Filling up the DagBag from /opt/airflow/dags/docker_operator_example.py
[2025-02-20T11:26:48.960+0000] {processor.py:925} INFO - DAG(s) 'test_docker_import' retrieved from /opt/airflow/dags/docker_operator_example.py
[2025-02-20T11:26:49.037+0000] {logging_mixin.py:190} INFO - [2025-02-20T11:26:49.036+0000] {dag.py:3239} INFO - Sync 1 DAGs
[2025-02-20T11:26:49.304+0000] {logging_mixin.py:190} INFO - [2025-02-20T11:26:49.304+0000] {dag.py:4180} INFO - Setting next_dagrun for test_docker_import to None, run_after=None
[2025-02-20T11:26:49.339+0000] {processor.py:208} INFO - Processing /opt/airflow/dags/docker_operator_example.py took 0.443 seconds
[2025-02-20T11:27:19.969+0000] {processor.py:186} INFO - Started process (PID=383) to work on /opt/airflow/dags/docker_operator_example.py
[2025-02-20T11:27:19.972+0000] {processor.py:914} INFO - Processing file /opt/airflow/dags/docker_operator_example.py for tasks to queue
[2025-02-20T11:27:19.977+0000] {logging_mixin.py:190} INFO - [2025-02-20T11:27:19.977+0000] {dagbag.py:588} INFO - Filling up the DagBag from /opt/airflow/dags/docker_operator_example.py
[2025-02-20T11:27:20.005+0000] {processor.py:925} INFO - DAG(s) 'test_docker_import' retrieved from /opt/airflow/dags/docker_operator_example.py
[2025-02-20T11:27:20.043+0000] {logging_mixin.py:190} INFO - [2025-02-20T11:27:20.043+0000] {dag.py:3239} INFO - Sync 1 DAGs
[2025-02-20T11:27:20.069+0000] {logging_mixin.py:190} INFO - [2025-02-20T11:27:20.069+0000] {dag.py:4180} INFO - Setting next_dagrun for test_docker_import to None, run_after=None
[2025-02-20T11:27:20.086+0000] {processor.py:208} INFO - Processing /opt/airflow/dags/docker_operator_example.py took 0.138 seconds
